#
# There is insufficient memory for the Java Runtime Environment to continue.
# Native memory allocation (mmap) failed to map 134217728 bytes for Failed to commit area from 0x0000000081e00000 to 0x0000000089e00000 of length 134217728.
# Possible reasons:
#   The system is out of physical RAM or swap space
#   The process is running with CompressedOops enabled, and the Java Heap may be blocking the growth of the native heap
# Possible solutions:
#   Reduce memory load on the system
#   Increase physical memory or swap space
#   Check if swap backing store is full
#   Decrease Java heap size (-Xmx/-Xms)
#   Decrease number of Java threads
#   Decrease Java thread stack sizes (-Xss)
#   Set larger code cache with -XX:ReservedCodeCacheSize=
# This output file may be truncated or incomplete.
#
#  Out of Memory Error (t:/workspace/open/src/hotspot/os/windows/os_windows.cpp:3221), pid=18700, tid=22980
#
# JRE version:  (10.0.2+13) (build )
# Java VM: Java HotSpot(TM) 64-Bit Server VM (10.0.2+13, mixed mode, aot, tiered, compressed oops, g1 gc, windows-amd64)
# No core dump will be written. Minidumps are not enabled by default on client versions of Windows
#

---------------  S U M M A R Y ------------

Command Line: -Dfile.encoding=Cp1251 application.Main

Host: Intel(R) Core(TM) i5-6200U CPU @ 2.30GHz, 4 cores, 7G,  Windows 10 , 64 bit Build 17134 (10.0.17134.1)
Time: Wed Nov 14 15:32:01 2018 FLE Standard Time elapsed time: 0 seconds (0d 0h 0m 0s)

---------------  T H R E A D  ---------------

Current thread (0x000001a46a967000):  JavaThread "Unknown thread" [_thread_in_vm, id=22980, stack(0x0000001e7a100000,0x0000001e7a200000)]

Stack: [0x0000001e7a100000,0x0000001e7a200000]
Native frames: (J=compiled Java code, j=interpreted, Vv=VM code, C=native code)
V  [jvm.dll+0x5a01a9]
V  [jvm.dll+0x6bcf31]
V  [jvm.dll+0x6be126]
V  [jvm.dll+0x6be7b3]
V  [jvm.dll+0x234978]
V  [jvm.dll+0x59dac4]
V  [jvm.dll+0x592825]
V  [jvm.dll+0x2f632b]
V  [jvm.dll+0x2f6295]
V  [jvm.dll+0x2f6172]
V  [jvm.dll+0x2f8366]
V  [jvm.dll+0x344293]
V  [jvm.dll+0x3449a6]
V  [jvm.dll+0x344393]
V  [jvm.dll+0x2c4628]
V  [jvm.dll+0x2c5771]
V  [jvm.dll+0x69d1db]
V  [jvm.dll+0x69e9fc]
V  [jvm.dll+0x3519e9]
V  [jvm.dll+0x6856a2]
V  [jvm.dll+0x3ba0c3]
V  [jvm.dll+0x3bc261]
C  [javaw.exe+0x3541]
C  [javaw.exe+0xe1cf]
C  [javaw.exe+0xe376]
C  [KERNEL32.DLL+0x13034]
C  [ntdll.dll+0x71461]


---------------  P R O C E S S  ---------------

Threads class SMR info:
_java_thread_list=0x000001a46881ac30, length=0, elements={
}

Java Threads: ( => current thread )

Other Threads:
  0x000001a46a980000 GCTaskThread "GC Thread#0" [stack: 0x0000001e7a200000,0x0000001e7a300000] [id=28180]
  0x000001a46a981000 GCTaskThread "GC Thread#1" [stack: 0x0000001e7a300000,0x0000001e7a400000] [id=19060]
  0x000001a46a984000 GCTaskThread "GC Thread#2" [stack: 0x0000001e7a400000,0x0000001e7a500000] [id=28596]
  0x000001a46a986000 GCTaskThread "GC Thread#3" [stack: 0x0000001e7a500000,0x0000001e7a600000] [id=27408]
  0x000001a46a9f0000 ConcurrentGCThread "G1 Main Marker" [stack: 0x0000001e7a600000,0x0000001e7a700000] [id=28104]
  0x000001a46a9f3800 ConcurrentGCThread "G1 Conc#0" [stack: 0x0000001e7a700000,0x0000001e7a800000] [id=28208]

[error occurred during error reporting (printing all threads), id 0xe0000002]

VM state:not at safepoint (not fully initialized)

VM Mutex/Monitor currently owned by a thread:  ([mutex/lock_event])
[0x000001a46a966050] Heap_lock - owner thread: 0x000001a46a967000

Heap address: 0x0000000081e00000, size: 2018 MB, Compressed Oops mode: Non-zero based: 0x0000000081e00000
Narrow klass base: 0x0000000000000000, Narrow klass shift: 0

GC Heap History (0 events):
No events

Deoptimization events (0 events):
No events

Classes redefined (0 events):
No events

Internal exceptions (0 events):
No events

Events (0 events):
No events


Dynamic libraries:
0x00007ff646830000 - 0x00007ff64686e000 	C:\Program Files\Java\jdk-10.0.2\bin\javaw.exe
0x00007ffc53b30000 - 0x00007ffc53d11000 	C:\WINDOWS\SYSTEM32\ntdll.dll
0x00007ffc37410000 - 0x00007ffc37424000 	C:\Program Files\AVAST Software\Avast\x64\aswhooka.dll
0x00007ffc53680000 - 0x00007ffc53732000 	C:\WINDOWS\System32\KERNEL32.DLL
0x00007ffc4ff00000 - 0x00007ffc50173000 	C:\WINDOWS\System32\KERNELBASE.dll
0x00007ffc53860000 - 0x00007ffc53901000 	C:\WINDOWS\System32\ADVAPI32.dll
0x00007ffc51fb0000 - 0x00007ffc5204e000 	C:\WINDOWS\System32\msvcrt.dll
0x00007ffc51f50000 - 0x00007ffc51fab000 	C:\WINDOWS\System32\sechost.dll
0x00007ffc51020000 - 0x00007ffc51144000 	C:\WINDOWS\System32\RPCRT4.dll
0x00007ffc512d0000 - 0x00007ffc51460000 	C:\WINDOWS\System32\USER32.dll
0x00007ffc50420000 - 0x00007ffc50440000 	C:\WINDOWS\System32\win32u.dll
0x00007ffc51be0000 - 0x00007ffc51c08000 	C:\WINDOWS\System32\GDI32.dll
0x00007ffc50220000 - 0x00007ffc503b2000 	C:\WINDOWS\System32\gdi32full.dll
0x00007ffc50180000 - 0x00007ffc5021f000 	C:\WINDOWS\System32\msvcp_win.dll
0x00007ffc50ec0000 - 0x00007ffc50fba000 	C:\WINDOWS\System32\ucrtbase.dll
0x00007ffc3b410000 - 0x00007ffc3b679000 	C:\WINDOWS\WinSxS\amd64_microsoft.windows.common-controls_6595b64144ccf1df_6.0.17134.345_none_fb429a5930656358\COMCTL32.dll
0x00007ffc51c10000 - 0x00007ffc51f33000 	C:\WINDOWS\System32\combase.dll
0x00007ffc50df0000 - 0x00007ffc50e6a000 	C:\WINDOWS\System32\bcryptPrimitives.dll
0x00007ffc42830000 - 0x00007ffc4283a000 	C:\WINDOWS\SYSTEM32\VERSION.dll
0x00007ffc53490000 - 0x00007ffc534bd000 	C:\WINDOWS\System32\IMM32.DLL
0x00007ffc23480000 - 0x00007ffc2356f000 	C:\Program Files\Java\jdk-10.0.2\bin\msvcr120.dll
0x00007ffc24190000 - 0x00007ffc24236000 	C:\Program Files\Java\jdk-10.0.2\bin\msvcp120.dll
0x0000000050ca0000 - 0x0000000051710000 	C:\Program Files\Java\jdk-10.0.2\bin\server\jvm.dll
0x00007ffc51f40000 - 0x00007ffc51f48000 	C:\WINDOWS\System32\PSAPI.DLL
0x00007ffc33fd0000 - 0x00007ffc33fd9000 	C:\WINDOWS\SYSTEM32\WSOCK32.dll
0x00007ffc53520000 - 0x00007ffc5358c000 	C:\WINDOWS\System32\WS2_32.dll
0x00007ffc4df70000 - 0x00007ffc4df93000 	C:\WINDOWS\SYSTEM32\WINMM.dll
0x00007ffc4df40000 - 0x00007ffc4df6a000 	C:\WINDOWS\SYSTEM32\WINMMBASE.dll
0x00007ffc50e70000 - 0x00007ffc50eb9000 	C:\WINDOWS\System32\cfgmgr32.dll
0x00007ffc4b9a0000 - 0x00007ffc4b9af000 	C:\Program Files\Java\jdk-10.0.2\bin\verify.dll
0x00007ffc3db10000 - 0x00007ffc3dcd9000 	C:\WINDOWS\SYSTEM32\DBGHELP.DLL
0x00007ffc3d8d0000 - 0x00007ffc3d8f9000 	C:\WINDOWS\SYSTEM32\dbgcore.DLL
0x00007ffc417a0000 - 0x00007ffc417c7000 	C:\Program Files\Java\jdk-10.0.2\bin\java.dll
0x00007ffc41540000 - 0x00007ffc41556000 	C:\Program Files\Java\jdk-10.0.2\bin\zip.dll
0x00007ffc49590000 - 0x00007ffc4959a000 	C:\Program Files\Java\jdk-10.0.2\bin\jimage.dll

dbghelp: loaded successfully - version: 4.0.5 - missing functions: none
symbol engine: initialized successfully - sym options: 0x614 - pdb path: .;C:\Program Files\Java\jdk-10.0.2\bin;C:\WINDOWS\SYSTEM32;C:\Program Files\AVAST Software\Avast\x64;C:\WINDOWS\WinSxS\amd64_microsoft.windows.common-controls_6595b64144ccf1df_6.0.17134.345_none_fb429a5930656358;C:\Program Files\Java\jdk-10.0.2\bin\server

VM Arguments:
jvm_args: -Dfile.encoding=Cp1251 
java_command: application.Main
java_class_path (initial): C:\Users\Neo\eclipse-workspace\SpringMavenSelenium\target\classes;C:\Users\Neo\.m2\repository\org\springframework\spring-core\5.1.1.RELEASE\spring-core-5.1.1.RELEASE.jar;C:\Users\Neo\.m2\repository\org\springframework\spring-jcl\5.1.1.RELEASE\spring-jcl-5.1.1.RELEASE.jar;C:\Users\Neo\.m2\repository\org\springframework\spring-context\5.1.1.RELEASE\spring-context-5.1.1.RELEASE.jar;C:\Users\Neo\.m2\repository\org\springframework\spring-aop\5.1.1.RELEASE\spring-aop-5.1.1.RELEASE.jar;C:\Users\Neo\.m2\repository\org\springframework\spring-beans\5.1.1.RELEASE\spring-beans-5.1.1.RELEASE.jar;C:\Users\Neo\.m2\repository\org\springframework\spring-expression\5.1.1.RELEASE\spring-expression-5.1.1.RELEASE.jar;C:\Users\Neo\.m2\repository\org\springframework\spring-jdbc\5.1.1.RELEASE\spring-jdbc-5.1.1.RELEASE.jar;C:\Users\Neo\.m2\repository\org\springframework\spring-tx\5.1.1.RELEASE\spring-tx-5.1.1.RELEASE.jar;C:\Users\Neo\.m2\repository\org\seleniumhq\selenium\selenium-java\3.14.0\selenium-java-3.14.0.jar;C:\Users\Neo\.m2\repository\org\seleniumhq\selenium\selenium-api\3.14.0\selenium-api-3.14.0.jar;C:\Users\Neo\.m2\repository\org\seleniumhq\selenium\selenium-chrome-driver\3.14.0\selenium-chrome-driver-3.14.0.jar;C:\Users\Neo\.m2\repository\org\seleniumhq\selenium\selenium-edge-driver\3.14.0\selenium-edge-driver-3.14.0.jar;C:\Users\Neo\.m2\repository\org\seleniumhq\selenium\selenium-firefox-driver\3.14.0\selenium-firefox-driver-3.14.0.jar;C:\Users\Neo\.m2\repository\org\seleniumhq\selenium\selenium-ie-driver\3.14.0\selenium-ie-driver-3.14.0.jar;C:\Users\Neo\.m2\repository\org\seleniumhq\selenium\selenium-opera-driver\3.14.0\selenium-opera-driver-3.14.0.jar;C:\Users\Neo\.m2\repository\org\seleniumhq\selenium\selenium-remote-driver\3.14.0\selenium-remote-driver-3.14.0.jar;C:\Users\Neo\.m2\repository\org\seleniumhq\selenium\selenium-safari-driver\3.14.0\selenium-safari-driver-3.14.0.jar;C:\Users\Neo\.m2\repository\org\seleniumhq\selenium\selenium-suppor
Launcher Type: SUN_STANDARD

Logging:
Log output configuration:
#0: stdout all=warning uptime,level,tags
#1: stderr all=off uptime,level,tags

Environment Variables:
PATH=C:\Program Files (x86)\Common Files\Oracle\Java\javapath;C:\WINDOWS\system32;C:\WINDOWS;C:\WINDOWS\System32\Wbem;C:\WINDOWS\System32\WindowsPowerShell\v1.0\;C:\Program Files\Git\cmd;C:\xampp\php;C:\ProgramData\ComposerSetup\bin;C:\Program Files\nodejs\;C:\Program Files\dotnet\;C:\Program Files\Microsoft SQL Server\130\Tools\Binn\;C:\WINDOWS\System32\OpenSSH\;C:\Users\Neo\AppData\Local\Programs\Python\Python36-32\Scripts\;C:\Users\Neo\AppData\Local\Programs\Python\Python36-32\;C:\Users\Neo\AppData\Local\Microsoft\WindowsApps;C:\Users\Neo\AppData\Roaming\Composer\vendor\bin;C:\Users\Neo\AppData\Roaming\npm;C:\Users\Neo\AppData\Local\atom\bin;C:\Users\Neo\AppData\Local\Microsoft\WindowsApps;C:\Program Files\Java\apache-maven-3.5.4\bin;
USERNAME=Neo
OS=Windows_NT
PROCESSOR_IDENTIFIER=Intel64 Family 6 Model 78 Stepping 3, GenuineIntel



---------------  S Y S T E M  ---------------

OS: Windows 10 , 64 bit Build 17134 (10.0.17134.1)

CPU:total 4 (initial active 4) (2 cores per cpu, 2 threads per core) family 6 model 78 stepping 3, cmov, cx8, fxsr, mmx, sse, sse2, sse3, ssse3, sse4.1, sse4.2, popcnt, avx, avx2, aes, clmul, erms, 3dnowpref, lzcnt, ht, tsc, tscinvbit, bmi1, bmi2, adx, fma

Memory: 4k page, physical 8259336k(1987712k free), swap 11331336k(62868k free)

vm_info: Java HotSpot(TM) 64-Bit Server VM (10.0.2+13) for windows-amd64 JRE (10.0.2+13), built on Jun 28 2018 01:57:56 by "mach5one" with MS VC++ 12.0 (VS2013)

END.
