#
# A fatal error has been detected by the Java Runtime Environment:
#
#  EXCEPTION_ACCESS_VIOLATION (0xc0000005) at pc=0x0000000000000000, pid=16828, tid=11316
#
# JRE version: Java(TM) SE Runtime Environment (10.0.2+13) (build 10.0.2+13)
# Java VM: Java HotSpot(TM) 64-Bit Server VM (10.0.2+13, mixed mode, tiered, compressed oops, g1 gc, windows-amd64)
# Problematic frame:
# C  0x0000000000000000
#
# No core dump will be written. Minidumps are not enabled by default on client versions of Windows
#
# If you would like to submit a bug report, please visit:
#   http://bugreport.java.com/bugreport/crash.jsp
# The crash happened outside the Java Virtual Machine in native code.
# See problematic frame for where to report the bug.
#

---------------  S U M M A R Y ------------

Command Line: -Dfile.encoding=Cp1251 application.Main

Host: Intel(R) Core(TM) i5-6200U CPU @ 2.30GHz, 4 cores, 7G,  Windows 10 , 64 bit Build 17134 (10.0.17134.1)
Time: Sun Oct 21 12:42:15 2018 FLE Daylight Time elapsed time: 0 seconds (0d 0h 0m 0s)

---------------  T H R E A D  ---------------

Current thread (0x000001e179e93000):  JavaThread "QuantumRenderer-0" daemon [_thread_in_native, id=11316, stack(0x000000be6fb00000,0x000000be6fc00000)]

Stack: [0x000000be6fb00000,0x000000be6fc00000],  sp=0x000000be6fbfbb58,  free space=1006k
Native frames: (J=compiled Java code, j=interpreted, Vv=VM code, C=native code)

Java frames: (J=compiled Java code, j=interpreted, Vv=VM code)
j  com.sun.prism.d3d.D3DResourceFactory.nGetContext(I)J+0 javafx.graphics@10.0.2
j  com.sun.prism.d3d.D3DPipeline.createResourceFactory(ILcom/sun/glass/ui/Screen;)Lcom/sun/prism/d3d/D3DResourceFactory;+1 javafx.graphics@10.0.2
j  com.sun.prism.d3d.D3DPipeline.getD3DResourceFactory(ILcom/sun/glass/ui/Screen;)Lcom/sun/prism/d3d/D3DResourceFactory;+16 javafx.graphics@10.0.2
j  com.sun.prism.d3d.D3DPipeline.findDefaultResourceFactory(Ljava/util/List;)Lcom/sun/prism/d3d/D3DResourceFactory;+17 javafx.graphics@10.0.2
j  com.sun.prism.d3d.D3DPipeline.getDefaultResourceFactory(Ljava/util/List;)Lcom/sun/prism/ResourceFactory;+9 javafx.graphics@10.0.2
j  com.sun.prism.GraphicsPipeline.getDefaultResourceFactory()Lcom/sun/prism/ResourceFactory;+8 javafx.graphics@10.0.2
j  com.sun.javafx.tk.quantum.QuantumRenderer.lambda$createResourceFactory$2()V+0 javafx.graphics@10.0.2
j  com.sun.javafx.tk.quantum.QuantumRenderer$$Lambda$49.run()V+0 javafx.graphics@10.0.2
j  java.util.concurrent.Executors$RunnableAdapter.call()Ljava/lang/Object;+4 java.base@10.0.2
j  java.util.concurrent.FutureTask.runAndReset()Z+44 java.base@10.0.2
j  com.sun.javafx.tk.RenderJob.run()V+1 javafx.graphics@10.0.2
j  java.util.concurrent.ThreadPoolExecutor.runWorker(Ljava/util/concurrent/ThreadPoolExecutor$Worker;)V+92 java.base@10.0.2
j  java.util.concurrent.ThreadPoolExecutor$Worker.run()V+5 java.base@10.0.2
j  com.sun.javafx.tk.quantum.QuantumRenderer$PipelineRunnable.run()V+8 javafx.graphics@10.0.2
j  java.lang.Thread.run()V+11 java.base@10.0.2
v  ~StubRoutines::call_stub

siginfo: EXCEPTION_ACCESS_VIOLATION (0xc0000005), data execution prevention violation at address 0x0000000000000000


Register to memory mapping:

RIP=0x0000000000000000 is an unknown value
RAX=0x0000000000000000 is an unknown value
RBX=0x0000000000000000 is an unknown value
RCX=0x0000000000000000 is an unknown value
RDX=0x0000000000001b5c is an unknown value
RSP=0x000000be6fbfbb58 is pointing into the stack for thread: 0x000001e179e93000
RBP=0x000001e179e81f40 is an unknown value
RSI=0x0000000000000000 is an unknown value
RDI=0x00000000000001b8 is an unknown value
R8 =0x000001e179e6f730 is an unknown value
R9 =0x00000000000000d2 is an unknown value
R10=0x000001e179e6dc60 is an unknown value
R11=0x0000000000000000 is an unknown value
R12=0x0000000000000003 is an unknown value
R13=0x0000000000000000 is an unknown value
R14=0x0000000000000000 is an unknown value
R15=0x000001e179e81380 is an unknown value


Registers:
RAX=0x0000000000000000, RBX=0x0000000000000000, RCX=0x0000000000000000, RDX=0x0000000000001b5c
RSP=0x000000be6fbfbb58, RBP=0x000001e179e81f40, RSI=0x0000000000000000, RDI=0x00000000000001b8
R8 =0x000001e179e6f730, R9 =0x00000000000000d2, R10=0x000001e179e6dc60, R11=0x0000000000000000
R12=0x0000000000000003, R13=0x0000000000000000, R14=0x0000000000000000, R15=0x000001e179e81380
RIP=0x0000000000000000, EFLAGS=0x0000000000010202

Top of Stack: (sp=0x000000be6fbfbb58)
0x000000be6fbfbb58:   00007ffca63dd8eb 000000be0000001e
0x000000be6fbfbb68:   000001e10000001e 000001e17ab0d000
0x000000be6fbfbb78:   000001e179e6f5f0 fffffffffffffffe
0x000000be6fbfbb88:   000001e179e81380 000000be6fbfc960
0x000000be6fbfbb98:   00000000000001b8 0000000000000000
0x000000be6fbfbba8:   00007ffca635da4c 000001e179e6fc90
0x000000be6fbfbbb8:   000001e179e6fc70 000001e179e81f40
0x000000be6fbfbbc8:   000000be6fbfbcb0 00007ffcc785b060
0x000000be6fbfbbd8:   000000be6fbfbcb0 000001e179e6f790
0x000000be6fbfbbe8:   00007ffca6480a82 000000be6fbfbd54
0x000000be6fbfbbf8:   00000000ffffffff 000000be6fbfbd60
0x000000be6fbfbc08:   00007ffce3e17d7c 000000be6fbfc1c8
0x000000be6fbfbc18:   00007ffca6480a0d fffffffffffffffe
0x000000be6fbfbc28:   0000000000000000 0000800400000000
0x000000be6fbfbc38:   0000b77fffffffff 0000b80200000000
0x000000be6fbfbc48:   0000efffffffffff 0000b78000000000 

Instructions: (pc=0x0000000000000000)
0xffffffffffffffe0:   



---------------  P R O C E S S  ---------------

Threads class SMR info:
_java_thread_list=0x000001e179e6e830, length=14, elements={
0x000001e166ca7000, 0x000001e179046800, 0x000001e179051000, 0x000001e1799b3800,
0x000001e179060000, 0x000001e179063000, 0x000001e17906b000, 0x000001e17907c000,
0x000001e179a10000, 0x000001e179b6e800, 0x000001e179b7d000, 0x000001e179e93000,
0x000001e179e59800, 0x000001e179e75800
}

Java Threads: ( => current thread )
  0x000001e166ca7000 JavaThread "main" [_thread_blocked, id=17740, stack(0x000000be6e300000,0x000000be6e400000)]
  0x000001e179046800 JavaThread "Reference Handler" daemon [_thread_blocked, id=15440, stack(0x000000be6f000000,0x000000be6f100000)]
  0x000001e179051000 JavaThread "Finalizer" daemon [_thread_blocked, id=12368, stack(0x000000be6f100000,0x000000be6f200000)]
  0x000001e1799b3800 JavaThread "Signal Dispatcher" daemon [_thread_blocked, id=16472, stack(0x000000be6f200000,0x000000be6f300000)]
  0x000001e179060000 JavaThread "Attach Listener" daemon [_thread_blocked, id=18200, stack(0x000000be6f300000,0x000000be6f400000)]
  0x000001e179063000 JavaThread "C2 CompilerThread0" daemon [_thread_blocked, id=14632, stack(0x000000be6f400000,0x000000be6f500000)]
  0x000001e17906b000 JavaThread "C2 CompilerThread1" daemon [_thread_blocked, id=7504, stack(0x000000be6f500000,0x000000be6f600000)]
  0x000001e17907c000 JavaThread "C1 CompilerThread2" daemon [_thread_blocked, id=12572, stack(0x000000be6f600000,0x000000be6f700000)]
  0x000001e179a10000 JavaThread "Sweeper thread" daemon [_thread_blocked, id=10152, stack(0x000000be6f700000,0x000000be6f800000)]
  0x000001e179b6e800 JavaThread "Service Thread" daemon [_thread_blocked, id=3788, stack(0x000000be6f800000,0x000000be6f900000)]
  0x000001e179b7d000 JavaThread "Common-Cleaner" daemon [_thread_blocked, id=13552, stack(0x000000be6f900000,0x000000be6fa00000)]
=>0x000001e179e93000 JavaThread "QuantumRenderer-0" daemon [_thread_in_native, id=11316, stack(0x000000be6fb00000,0x000000be6fc00000)]
  0x000001e179e59800 JavaThread "InvokeLaterDispatcher" daemon [_thread_blocked, id=13660, stack(0x000000be6fc00000,0x000000be6fd00000)]
  0x000001e179e75800 JavaThread "JavaFX Application Thread" [_thread_blocked, id=17688, stack(0x000000be6fd00000,0x000000be6fe00000)]

Other Threads:
  0x000001e17903b000 VMThread "VM Thread" [stack: 0x000000be6ef00000,0x000000be6f000000] [id=432]
  0x000001e179b7e000 WatcherThread [stack: 0x000000be6fa00000,0x000000be6fb00000] [id=17456]
  0x000001e166cc0000 GCTaskThread "GC Thread#0" [stack: 0x000000be6e400000,0x000000be6e500000] [id=14808]
  0x000001e166cc1000 GCTaskThread "GC Thread#1" [stack: 0x000000be6e500000,0x000000be6e600000] [id=15420]
  0x000001e166cc8800 GCTaskThread "GC Thread#2" [stack: 0x000000be6e600000,0x000000be6e700000] [id=8500]
  0x000001e166ccb000 GCTaskThread "GC Thread#3" [stack: 0x000000be6e700000,0x000000be6e800000] [id=17612]
  0x000001e166d37000 ConcurrentGCThread "G1 Main Marker" [stack: 0x000000be6e800000,0x000000be6e900000] [id=13796]
  0x000001e166d3a000 ConcurrentGCThread "G1 Conc#0" [stack: 0x000000be6e900000,0x000000be6ea00000] [id=18136]
  0x000001e178ebe000 ConcurrentGCThread "G1 Refine#0" [stack: 0x000000be6ea00000,0x000000be6eb00000] [id=11448]
  0x000001e178ebf000 ConcurrentGCThread "G1 Refine#1" [stack: 0x000000be6eb00000,0x000000be6ec00000] [id=17732]
  0x000001e178ec4800 ConcurrentGCThread "G1 Refine#2" [stack: 0x000000be6ec00000,0x000000be6ed00000] [id=12816]
  0x000001e178ec7000 ConcurrentGCThread "G1 Refine#3" [stack: 0x000000be6ed00000,0x000000be6ee00000] [id=14364]
  0x000001e178ecb800 ConcurrentGCThread "G1 Young RemSet Sampling" [stack: 0x000000be6ee00000,0x000000be6ef00000] [id=12176]

Threads with active compile tasks:

VM state:not at safepoint (normal execution)

VM Mutex/Monitor currently owned by a thread: None

Heap address: 0x0000000081e00000, size: 2018 MB, Compressed Oops mode: 32-bit
Narrow klass base: 0x0000000000000000, Narrow klass shift: 3
Compressed class space size: 1073741824 Address: 0x0000000100000000

Heap:
 garbage-first heap   total 131072K, used 5120K [0x0000000081e00000, 0x0000000100000000)
  region size 1024K, 6 young (6144K), 0 survivors (0K)
 Metaspace       used 7757K, capacity 7957K, committed 8064K, reserved 1056768K
  class space    used 714K, capacity 801K, committed 896K, reserved 1048576K
Heap Regions: E=young(eden), S=young(survivor), O=old, HS=humongous(starts), HC=humongous(continues), CS=collection set, F=free, A=archive, TS=gc time stamp, AC=allocation context, TAMS=top-at-mark-start (previous, next)
|   0|0x0000000081e00000, 0x0000000081e00000, 0x0000000081f00000|  0%| F|  |TS  0|AC  0|TAMS 0x0000000081e00000, 0x0000000081e00000|
|   1|0x0000000081f00000, 0x0000000081f00000, 0x0000000082000000|  0%| F|  |TS  0|AC  0|TAMS 0x0000000081f00000, 0x0000000081f00000|
|   2|0x0000000082000000, 0x0000000082000000, 0x0000000082100000|  0%| F|  |TS  0|AC  0|TAMS 0x0000000082000000, 0x0000000082000000|
|   3|0x0000000082100000, 0x0000000082100000, 0x0000000082200000|  0%| F|  |TS  0|AC  0|TAMS 0x0000000082100000, 0x0000000082100000|
|   4|0x0000000082200000, 0x0000000082200000, 0x0000000082300000|  0%| F|  |TS  0|AC  0|TAMS 0x0000000082200000, 0x0000000082200000|
|   5|0x0000000082300000, 0x0000000082300000, 0x0000000082400000|  0%| F|  |TS  0|AC  0|TAMS 0x0000000082300000, 0x0000000082300000|
|   6|0x0000000082400000, 0x0000000082400000, 0x0000000082500000|  0%| F|  |TS  0|AC  0|TAMS 0x0000000082400000, 0x0000000082400000|
|   7|0x0000000082500000, 0x0000000082500000, 0x0000000082600000|  0%| F|  |TS  0|AC  0|TAMS 0x0000000082500000, 0x0000000082500000|
|   8|0x0000000082600000, 0x0000000082600000, 0x0000000082700000|  0%| F|  |TS  0|AC  0|TAMS 0x0000000082600000, 0x0000000082600000|
|   9|0x0000000082700000, 0x0000000082700000, 0x0000000082800000|  0%| F|  |TS  0|AC  0|TAMS 0x0000000082700000, 0x0000000082700000|
|  10|0x0000000082800000, 0x0000000082800000, 0x0000000082900000|  0%| F|  |TS  0|AC  0|TAMS 0x0000000082800000, 0x0000000082800000|
|  11|0x0000000082900000, 0x0000000082900000, 0x0000000082a00000|  0%| F|  |TS  0|AC  0|TAMS 0x0000000082900000, 0x0000000082900000|
|  12|0x0000000082a00000, 0x0000000082a00000, 0x0000000082b00000|  0%| F|  |TS  0|AC  0|TAMS 0x0000000082a00000, 0x0000000082a00000|
|  13|0x0000000082b00000, 0x0000000082b00000, 0x0000000082c00000|  0%| F|  |TS  0|AC  0|TAMS 0x0000000082b00000, 0x0000000082b00000|
|  14|0x0000000082c00000, 0x0000000082c00000, 0x0000000082d00000|  0%| F|  |TS  0|AC  0|TAMS 0x0000000082c00000, 0x0000000082c00000|
|  15|0x0000000082d00000, 0x0000000082d00000, 0x0000000082e00000|  0%| F|  |TS  0|AC  0|TAMS 0x0000000082d00000, 0x0000000082d00000|
|  16|0x0000000082e00000, 0x0000000082e00000, 0x0000000082f00000|  0%| F|  |TS  0|AC  0|TAMS 0x0000000082e00000, 0x0000000082e00000|
|  17|0x0000000082f00000, 0x0000000082f00000, 0x0000000083000000|  0%| F|  |TS  0|AC  0|TAMS 0x0000000082f00000, 0x0000000082f00000|
|  18|0x0000000083000000, 0x0000000083000000, 0x0000000083100000|  0%| F|  |TS  0|AC  0|TAMS 0x0000000083000000, 0x0000000083000000|
|  19|0x0000000083100000, 0x0000000083100000, 0x0000000083200000|  0%| F|  |TS  0|AC  0|TAMS 0x0000000083100000, 0x0000000083100000|
|  20|0x0000000083200000, 0x0000000083200000, 0x0000000083300000|  0%| F|  |TS  0|AC  0|TAMS 0x0000000083200000, 0x0000000083200000|
|  21|0x0000000083300000, 0x0000000083300000, 0x0000000083400000|  0%| F|  |TS  0|AC  0|TAMS 0x0000000083300000, 0x0000000083300000|
|  22|0x0000000083400000, 0x0000000083400000, 0x0000000083500000|  0%| F|  |TS  0|AC  0|TAMS 0x0000000083400000, 0x0000000083400000|
|  23|0x0000000083500000, 0x0000000083500000, 0x0000000083600000|  0%| F|  |TS  0|AC  0|TAMS 0x0000000083500000, 0x0000000083500000|
|  24|0x0000000083600000, 0x0000000083600000, 0x0000000083700000|  0%| F|  |TS  0|AC  0|TAMS 0x0000000083600000, 0x0000000083600000|
|  25|0x0000000083700000, 0x0000000083700000, 0x0000000083800000|  0%| F|  |TS  0|AC  0|TAMS 0x0000000083700000, 0x0000000083700000|
|  26|0x0000000083800000, 0x0000000083800000, 0x0000000083900000|  0%| F|  |TS  0|AC  0|TAMS 0x0000000083800000, 0x0000000083800000|
|  27|0x0000000083900000, 0x0000000083900000, 0x0000000083a00000|  0%| F|  |TS  0|AC  0|TAMS 0x0000000083900000, 0x0000000083900000|
|  28|0x0000000083a00000, 0x0000000083a00000, 0x0000000083b00000|  0%| F|  |TS  0|AC  0|TAMS 0x0000000083a00000, 0x0000000083a00000|
|  29|0x0000000083b00000, 0x0000000083b00000, 0x0000000083c00000|  0%| F|  |TS  0|AC  0|TAMS 0x0000000083b00000, 0x0000000083b00000|
|  30|0x0000000083c00000, 0x0000000083c00000, 0x0000000083d00000|  0%| F|  |TS  0|AC  0|TAMS 0x0000000083c00000, 0x0000000083c00000|
|  31|0x0000000083d00000, 0x0000000083d00000, 0x0000000083e00000|  0%| F|  |TS  0|AC  0|TAMS 0x0000000083d00000, 0x0000000083d00000|
|  32|0x0000000083e00000, 0x0000000083e00000, 0x0000000083f00000|  0%| F|  |TS  0|AC  0|TAMS 0x0000000083e00000, 0x0000000083e00000|
|  33|0x0000000083f00000, 0x0000000083f00000, 0x0000000084000000|  0%| F|  |TS  0|AC  0|TAMS 0x0000000083f00000, 0x0000000083f00000|
|  34|0x0000000084000000, 0x0000000084000000, 0x0000000084100000|  0%| F|  |TS  0|AC  0|TAMS 0x0000000084000000, 0x0000000084000000|
|  35|0x0000000084100000, 0x0000000084100000, 0x0000000084200000|  0%| F|  |TS  0|AC  0|TAMS 0x0000000084100000, 0x0000000084100000|
|  36|0x0000000084200000, 0x0000000084200000, 0x0000000084300000|  0%| F|  |TS  0|AC  0|TAMS 0x0000000084200000, 0x0000000084200000|
|  37|0x0000000084300000, 0x0000000084300000, 0x0000000084400000|  0%| F|  |TS  0|AC  0|TAMS 0x0000000084300000, 0x0000000084300000|
|  38|0x0000000084400000, 0x0000000084400000, 0x0000000084500000|  0%| F|  |TS  0|AC  0|TAMS 0x0000000084400000, 0x0000000084400000|
|  39|0x0000000084500000, 0x0000000084500000, 0x0000000084600000|  0%| F|  |TS  0|AC  0|TAMS 0x0000000084500000, 0x0000000084500000|
|  40|0x0000000084600000, 0x0000000084600000, 0x0000000084700000|  0%| F|  |TS  0|AC  0|TAMS 0x0000000084600000, 0x0000000084600000|
|  41|0x0000000084700000, 0x0000000084700000, 0x0000000084800000|  0%| F|  |TS  0|AC  0|TAMS 0x0000000084700000, 0x0000000084700000|
|  42|0x0000000084800000, 0x0000000084800000, 0x0000000084900000|  0%| F|  |TS  0|AC  0|TAMS 0x0000000084800000, 0x0000000084800000|
|  43|0x0000000084900000, 0x0000000084900000, 0x0000000084a00000|  0%| F|  |TS  0|AC  0|TAMS 0x0000000084900000, 0x0000000084900000|
|  44|0x0000000084a00000, 0x0000000084a00000, 0x0000000084b00000|  0%| F|  |TS  0|AC  0|TAMS 0x0000000084a00000, 0x0000000084a00000|
|  45|0x0000000084b00000, 0x0000000084b00000, 0x0000000084c00000|  0%| F|  |TS  0|AC  0|TAMS 0x0000000084b00000, 0x0000000084b00000|
|  46|0x0000000084c00000, 0x0000000084c00000, 0x0000000084d00000|  0%| F|  |TS  0|AC  0|TAMS 0x0000000084c00000, 0x0000000084c00000|
|  47|0x0000000084d00000, 0x0000000084d00000, 0x0000000084e00000|  0%| F|  |TS  0|AC  0|TAMS 0x0000000084d00000, 0x0000000084d00000|
|  48|0x0000000084e00000, 0x0000000084e00000, 0x0000000084f00000|  0%| F|  |TS  0|AC  0|TAMS 0x0000000084e00000, 0x0000000084e00000|
|  49|0x0000000084f00000, 0x0000000084f00000, 0x0000000085000000|  0%| F|  |TS  0|AC  0|TAMS 0x0000000084f00000, 0x0000000084f00000|
|  50|0x0000000085000000, 0x0000000085000000, 0x0000000085100000|  0%| F|  |TS  0|AC  0|TAMS 0x0000000085000000, 0x0000000085000000|
|  51|0x0000000085100000, 0x0000000085100000, 0x0000000085200000|  0%| F|  |TS  0|AC  0|TAMS 0x0000000085100000, 0x0000000085100000|
|  52|0x0000000085200000, 0x0000000085200000, 0x0000000085300000|  0%| F|  |TS  0|AC  0|TAMS 0x0000000085200000, 0x0000000085200000|
|  53|0x0000000085300000, 0x0000000085300000, 0x0000000085400000|  0%| F|  |TS  0|AC  0|TAMS 0x0000000085300000, 0x0000000085300000|
|  54|0x0000000085400000, 0x0000000085400000, 0x0000000085500000|  0%| F|  |TS  0|AC  0|TAMS 0x0000000085400000, 0x0000000085400000|
|  55|0x0000000085500000, 0x0000000085500000, 0x0000000085600000|  0%| F|  |TS  0|AC  0|TAMS 0x0000000085500000, 0x0000000085500000|
|  56|0x0000000085600000, 0x0000000085600000, 0x0000000085700000|  0%| F|  |TS  0|AC  0|TAMS 0x0000000085600000, 0x0000000085600000|
|  57|0x0000000085700000, 0x0000000085700000, 0x0000000085800000|  0%| F|  |TS  0|AC  0|TAMS 0x0000000085700000, 0x0000000085700000|
|  58|0x0000000085800000, 0x0000000085800000, 0x0000000085900000|  0%| F|  |TS  0|AC  0|TAMS 0x0000000085800000, 0x0000000085800000|
|  59|0x0000000085900000, 0x0000000085900000, 0x0000000085a00000|  0%| F|  |TS  0|AC  0|TAMS 0x0000000085900000, 0x0000000085900000|
|  60|0x0000000085a00000, 0x0000000085a00000, 0x0000000085b00000|  0%| F|  |TS  0|AC  0|TAMS 0x0000000085a00000, 0x0000000085a00000|
|  61|0x0000000085b00000, 0x0000000085b00000, 0x0000000085c00000|  0%| F|  |TS  0|AC  0|TAMS 0x0000000085b00000, 0x0000000085b00000|
|  62|0x0000000085c00000, 0x0000000085c00000, 0x0000000085d00000|  0%| F|  |TS  0|AC  0|TAMS 0x0000000085c00000, 0x0000000085c00000|
|  63|0x0000000085d00000, 0x0000000085d00000, 0x0000000085e00000|  0%| F|  |TS  0|AC  0|TAMS 0x0000000085d00000, 0x0000000085d00000|
|  64|0x0000000085e00000, 0x0000000085e00000, 0x0000000085f00000|  0%| F|  |TS  0|AC  0|TAMS 0x0000000085e00000, 0x0000000085e00000|
|  65|0x0000000085f00000, 0x0000000085f00000, 0x0000000086000000|  0%| F|  |TS  0|AC  0|TAMS 0x0000000085f00000, 0x0000000085f00000|
|  66|0x0000000086000000, 0x0000000086000000, 0x0000000086100000|  0%| F|  |TS  0|AC  0|TAMS 0x0000000086000000, 0x0000000086000000|
|  67|0x0000000086100000, 0x0000000086100000, 0x0000000086200000|  0%| F|  |TS  0|AC  0|TAMS 0x0000000086100000, 0x0000000086100000|
|  68|0x0000000086200000, 0x0000000086200000, 0x0000000086300000|  0%| F|  |TS  0|AC  0|TAMS 0x0000000086200000, 0x0000000086200000|
|  69|0x0000000086300000, 0x0000000086300000, 0x0000000086400000|  0%| F|  |TS  0|AC  0|TAMS 0x0000000086300000, 0x0000000086300000|
|  70|0x0000000086400000, 0x0000000086400000, 0x0000000086500000|  0%| F|  |TS  0|AC  0|TAMS 0x0000000086400000, 0x0000000086400000|
|  71|0x0000000086500000, 0x0000000086500000, 0x0000000086600000|  0%| F|  |TS  0|AC  0|TAMS 0x0000000086500000, 0x0000000086500000|
|  72|0x0000000086600000, 0x0000000086600000, 0x0000000086700000|  0%| F|  |TS  0|AC  0|TAMS 0x0000000086600000, 0x0000000086600000|
|  73|0x0000000086700000, 0x0000000086700000, 0x0000000086800000|  0%| F|  |TS  0|AC  0|TAMS 0x0000000086700000, 0x0000000086700000|
|  74|0x0000000086800000, 0x0000000086800000, 0x0000000086900000|  0%| F|  |TS  0|AC  0|TAMS 0x0000000086800000, 0x0000000086800000|
|  75|0x0000000086900000, 0x0000000086900000, 0x0000000086a00000|  0%| F|  |TS  0|AC  0|TAMS 0x0000000086900000, 0x0000000086900000|
|  76|0x0000000086a00000, 0x0000000086a00000, 0x0000000086b00000|  0%| F|  |TS  0|AC  0|TAMS 0x0000000086a00000, 0x0000000086a00000|
|  77|0x0000000086b00000, 0x0000000086b00000, 0x0000000086c00000|  0%| F|  |TS  0|AC  0|TAMS 0x0000000086b00000, 0x0000000086b00000|
|  78|0x0000000086c00000, 0x0000000086c00000, 0x0000000086d00000|  0%| F|  |TS  0|AC  0|TAMS 0x0000000086c00000, 0x0000000086c00000|
|  79|0x0000000086d00000, 0x0000000086d00000, 0x0000000086e00000|  0%| F|  |TS  0|AC  0|TAMS 0x0000000086d00000, 0x0000000086d00000|
|  80|0x0000000086e00000, 0x0000000086e00000, 0x0000000086f00000|  0%| F|  |TS  0|AC  0|TAMS 0x0000000086e00000, 0x0000000086e00000|
|  81|0x0000000086f00000, 0x0000000086f00000, 0x0000000087000000|  0%| F|  |TS  0|AC  0|TAMS 0x0000000086f00000, 0x0000000086f00000|
|  82|0x0000000087000000, 0x0000000087000000, 0x0000000087100000|  0%| F|  |TS  0|AC  0|TAMS 0x0000000087000000, 0x0000000087000000|
|  83|0x0000000087100000, 0x0000000087100000, 0x0000000087200000|  0%| F|  |TS  0|AC  0|TAMS 0x0000000087100000, 0x0000000087100000|
|  84|0x0000000087200000, 0x0000000087200000, 0x0000000087300000|  0%| F|  |TS  0|AC  0|TAMS 0x0000000087200000, 0x0000000087200000|
|  85|0x0000000087300000, 0x0000000087300000, 0x0000000087400000|  0%| F|  |TS  0|AC  0|TAMS 0x0000000087300000, 0x0000000087300000|
|  86|0x0000000087400000, 0x0000000087400000, 0x0000000087500000|  0%| F|  |TS  0|AC  0|TAMS 0x0000000087400000, 0x0000000087400000|
|  87|0x0000000087500000, 0x0000000087500000, 0x0000000087600000|  0%| F|  |TS  0|AC  0|TAMS 0x0000000087500000, 0x0000000087500000|
|  88|0x0000000087600000, 0x0000000087600000, 0x0000000087700000|  0%| F|  |TS  0|AC  0|TAMS 0x0000000087600000, 0x0000000087600000|
|  89|0x0000000087700000, 0x0000000087700000, 0x0000000087800000|  0%| F|  |TS  0|AC  0|TAMS 0x0000000087700000, 0x0000000087700000|
|  90|0x0000000087800000, 0x0000000087800000, 0x0000000087900000|  0%| F|  |TS  0|AC  0|TAMS 0x0000000087800000, 0x0000000087800000|
|  91|0x0000000087900000, 0x0000000087900000, 0x0000000087a00000|  0%| F|  |TS  0|AC  0|TAMS 0x0000000087900000, 0x0000000087900000|
|  92|0x0000000087a00000, 0x0000000087a00000, 0x0000000087b00000|  0%| F|  |TS  0|AC  0|TAMS 0x0000000087a00000, 0x0000000087a00000|
|  93|0x0000000087b00000, 0x0000000087b00000, 0x0000000087c00000|  0%| F|  |TS  0|AC  0|TAMS 0x0000000087b00000, 0x0000000087b00000|
|  94|0x0000000087c00000, 0x0000000087c00000, 0x0000000087d00000|  0%| F|  |TS  0|AC  0|TAMS 0x0000000087c00000, 0x0000000087c00000|
|  95|0x0000000087d00000, 0x0000000087d00000, 0x0000000087e00000|  0%| F|  |TS  0|AC  0|TAMS 0x0000000087d00000, 0x0000000087d00000|
|  96|0x0000000087e00000, 0x0000000087e00000, 0x0000000087f00000|  0%| F|  |TS  0|AC  0|TAMS 0x0000000087e00000, 0x0000000087e00000|
|  97|0x0000000087f00000, 0x0000000087f00000, 0x0000000088000000|  0%| F|  |TS  0|AC  0|TAMS 0x0000000087f00000, 0x0000000087f00000|
|  98|0x0000000088000000, 0x0000000088000000, 0x0000000088100000|  0%| F|  |TS  0|AC  0|TAMS 0x0000000088000000, 0x0000000088000000|
|  99|0x0000000088100000, 0x0000000088100000, 0x0000000088200000|  0%| F|  |TS  0|AC  0|TAMS 0x0000000088100000, 0x0000000088100000|
| 100|0x0000000088200000, 0x0000000088200000, 0x0000000088300000|  0%| F|  |TS  0|AC  0|TAMS 0x0000000088200000, 0x0000000088200000|
| 101|0x0000000088300000, 0x0000000088300000, 0x0000000088400000|  0%| F|  |TS  0|AC  0|TAMS 0x0000000088300000, 0x0000000088300000|
| 102|0x0000000088400000, 0x0000000088400000, 0x0000000088500000|  0%| F|  |TS  0|AC  0|TAMS 0x0000000088400000, 0x0000000088400000|
| 103|0x0000000088500000, 0x0000000088500000, 0x0000000088600000|  0%| F|  |TS  0|AC  0|TAMS 0x0000000088500000, 0x0000000088500000|
| 104|0x0000000088600000, 0x0000000088600000, 0x0000000088700000|  0%| F|  |TS  0|AC  0|TAMS 0x0000000088600000, 0x0000000088600000|
| 105|0x0000000088700000, 0x0000000088700000, 0x0000000088800000|  0%| F|  |TS  0|AC  0|TAMS 0x0000000088700000, 0x0000000088700000|
| 106|0x0000000088800000, 0x0000000088800000, 0x0000000088900000|  0%| F|  |TS  0|AC  0|TAMS 0x0000000088800000, 0x0000000088800000|
| 107|0x0000000088900000, 0x0000000088900000, 0x0000000088a00000|  0%| F|  |TS  0|AC  0|TAMS 0x0000000088900000, 0x0000000088900000|
| 108|0x0000000088a00000, 0x0000000088a00000, 0x0000000088b00000|  0%| F|  |TS  0|AC  0|TAMS 0x0000000088a00000, 0x0000000088a00000|
| 109|0x0000000088b00000, 0x0000000088b00000, 0x0000000088c00000|  0%| F|  |TS  0|AC  0|TAMS 0x0000000088b00000, 0x0000000088b00000|
| 110|0x0000000088c00000, 0x0000000088c00000, 0x0000000088d00000|  0%| F|  |TS  0|AC  0|TAMS 0x0000000088c00000, 0x0000000088c00000|
| 111|0x0000000088d00000, 0x0000000088d00000, 0x0000000088e00000|  0%| F|  |TS  0|AC  0|TAMS 0x0000000088d00000, 0x0000000088d00000|
| 112|0x0000000088e00000, 0x0000000088e00000, 0x0000000088f00000|  0%| F|  |TS  0|AC  0|TAMS 0x0000000088e00000, 0x0000000088e00000|
| 113|0x0000000088f00000, 0x0000000088f00000, 0x0000000089000000|  0%| F|  |TS  0|AC  0|TAMS 0x0000000088f00000, 0x0000000088f00000|
| 114|0x0000000089000000, 0x0000000089000000, 0x0000000089100000|  0%| F|  |TS  0|AC  0|TAMS 0x0000000089000000, 0x0000000089000000|
| 115|0x0000000089100000, 0x0000000089100000, 0x0000000089200000|  0%| F|  |TS  0|AC  0|TAMS 0x0000000089100000, 0x0000000089100000|
| 116|0x0000000089200000, 0x0000000089200000, 0x0000000089300000|  0%| F|  |TS  0|AC  0|TAMS 0x0000000089200000, 0x0000000089200000|
| 117|0x0000000089300000, 0x0000000089300000, 0x0000000089400000|  0%| F|  |TS  0|AC  0|TAMS 0x0000000089300000, 0x0000000089300000|
| 118|0x0000000089400000, 0x0000000089400000, 0x0000000089500000|  0%| F|  |TS  0|AC  0|TAMS 0x0000000089400000, 0x0000000089400000|
| 119|0x0000000089500000, 0x0000000089500000, 0x0000000089600000|  0%| F|  |TS  0|AC  0|TAMS 0x0000000089500000, 0x0000000089500000|
| 120|0x0000000089600000, 0x0000000089600000, 0x0000000089700000|  0%| F|  |TS  0|AC  0|TAMS 0x0000000089600000, 0x0000000089600000|
| 121|0x0000000089700000, 0x0000000089700000, 0x0000000089800000|  0%| F|  |TS  0|AC  0|TAMS 0x0000000089700000, 0x0000000089700000|
| 122|0x0000000089800000, 0x00000000898d7908, 0x0000000089900000| 84%| E|  |TS  0|AC  0|TAMS 0x0000000089800000, 0x0000000089800000|
| 123|0x0000000089900000, 0x0000000089a00000, 0x0000000089a00000|100%| E|CS|TS  0|AC  0|TAMS 0x0000000089900000, 0x0000000089900000|
| 124|0x0000000089a00000, 0x0000000089b00000, 0x0000000089b00000|100%| E|CS|TS  0|AC  0|TAMS 0x0000000089a00000, 0x0000000089a00000|
| 125|0x0000000089b00000, 0x0000000089c00000, 0x0000000089c00000|100%| E|CS|TS  0|AC  0|TAMS 0x0000000089b00000, 0x0000000089b00000|
| 126|0x0000000089c00000, 0x0000000089d00000, 0x0000000089d00000|100%| E|CS|TS  0|AC  0|TAMS 0x0000000089c00000, 0x0000000089c00000|
| 127|0x0000000089d00000, 0x0000000089e00000, 0x0000000089e00000|100%| E|CS|TS  0|AC  0|TAMS 0x0000000089d00000, 0x0000000089d00000|

Card table byte_map: [0x000001e172430000,0x000001e172830000] byte_map_base: 0x000001e172021000

Marking Bits (Prev, Next): (CMBitMap*) 0x000001e166d36490, (CMBitMap*) 0x000001e166d364c8
 Prev Bits: [0x000001e172c30000, 0x000001e174bb8000)
 Next Bits: [0x000001e174bc0000, 0x000001e176b48000)

Polling page: 0x000001e164ad0000

CodeHeap 'non-profiled nmethods': size=120064Kb used=185Kb max_used=185Kb free=119878Kb
 bounds [0x000001e107ac0000, 0x000001e107d30000, 0x000001e10f000000]
CodeHeap 'profiled nmethods': size=120000Kb used=951Kb max_used=951Kb free=119048Kb
 bounds [0x000001e100590000, 0x000001e100800000, 0x000001e107ac0000]
CodeHeap 'non-nmethods': size=5696Kb used=1084Kb max_used=1096Kb free=4611Kb
 bounds [0x000001e100000000, 0x000001e100270000, 0x000001e100590000]
 total_blobs=1118 nmethods=615 adapters=300
 compilation: enabled

Compilation events (10 events):
Event: 0.438 Thread 0x000001e17907c000  612       3       java.lang.ClassLoader::loadClass (7 bytes)
Event: 0.438 Thread 0x000001e17907c000 nmethod 612 0x000001e10067bd90 code [0x000001e10067bf40, 0x000001e10067c150]
Event: 0.438 Thread 0x000001e17907c000  613       3       jdk.internal.loader.BuiltinClassLoader::loadClass (22 bytes)
Event: 0.439 Thread 0x000001e17907c000 nmethod 613 0x000001e10067c210 code [0x000001e10067c3e0, 0x000001e10067c700]
Event: 0.439 Thread 0x000001e17907c000  614       3       java.lang.String::toString (2 bytes)
Event: 0.439 Thread 0x000001e17907c000 nmethod 614 0x000001e10067c810 code [0x000001e10067c9c0, 0x000001e10067cb18]
Event: 0.440 Thread 0x000001e17907c000  615       3       java.lang.String::concat (116 bytes)
Event: 0.440 Thread 0x000001e17906b000  616       4       jdk.internal.jimage.ImageStringsReader::unmaskedHashCode (173 bytes)
Event: 0.441 Thread 0x000001e17907c000 nmethod 615 0x000001e10067cb90 code [0x000001e10067ce20, 0x000001e10067da70]
Event: 0.445 Thread 0x000001e17906b000 nmethod 616 0x000001e107aee110 code [0x000001e107aee2a0, 0x000001e107aee518]

GC Heap History (0 events):
No events

Deoptimization events (1 events):
Event: 0.174 Thread 0x000001e166ca7000 Uncommon trap: reason=unstable_if action=reinterpret pc=0x000001e107ac40f0 method=java.lang.String.hashCode()I @ 14 c2

Classes redefined (0 events):
No events

Internal exceptions (10 events):
Event: 0.339 Thread 0x000001e166ca7000 Exception <a 'java/lang/NoSuchMethodError'{0x0000000089a555b8}: java.lang.invoke.DirectMethodHandle$Holder.invokeStatic(Ljava/lang/Object;Ljava/lang/Object;Ljava/lang/Object;Ljava/lang/Object;Ljava/lang/Object;Ljava/lang/Object;Ljava/lang/Object;Ljava/lan
Event: 0.342 Thread 0x000001e166ca7000 Exception <a 'java/lang/NoSuchMethodError'{0x0000000089a723c8}: java.lang.invoke.DirectMethodHandle$Holder.invokeStatic(Ljava/lang/Object;Ljava/lang/Object;Ljava/lang/Object;Ljava/lang/Object;Ljava/lang/Object;Ljava/lang/Object;Ljava/lang/Object;Ljava/lan
Event: 0.385 Thread 0x000001e166ca7000 Exception <a 'java/lang/NoSuchMethodError'{0x0000000089929180}: java.lang.invoke.DirectMethodHandle$Holder.invokeStatic(Ljava/lang/Object;Ljava/lang/Object;Ljava/lang/Object;)V> (0x0000000089929180) thrown at [t:/workspace/open/src/hotspot/share/interpret
Event: 0.416 Thread 0x000001e166ca7000 Exception <a 'java/lang/NoSuchMethodError'{0x0000000089933688}: method resolution failed> (0x0000000089933688) thrown at [t:/workspace/open/src/hotspot/share/prims/methodHandles.cpp, line 1226]
Event: 0.416 Thread 0x000001e166ca7000 Exception <a 'java/lang/NoSuchMethodError'{0x00000000899367d0}: java.lang.invoke.DirectMethodHandle$Holder.invokeStaticInit(Ljava/lang/Object;Ljava/lang/Object;Ljava/lang/Object;)I> (0x00000000899367d0) thrown at [t:/workspace/open/src/hotspot/share/inter
Event: 0.418 Thread 0x000001e166ca7000 Exception <a 'java/lang/NoSuchMethodError'{0x0000000089942418}: java.lang.invoke.DirectMethodHandle$Holder.invokeSpecial(Ljava/lang/Object;Ljava/lang/Object;)V> (0x0000000089942418) thrown at [t:/workspace/open/src/hotspot/share/interpreter/linkResolver.c
Event: 0.432 Thread 0x000001e166ca7000 Exception <a 'java/lang/NoSuchMethodError'{0x00000000898207c0}: method resolution failed> (0x00000000898207c0) thrown at [t:/workspace/open/src/hotspot/share/prims/methodHandles.cpp, line 1226]
Event: 0.432 Thread 0x000001e166ca7000 Exception <a 'java/lang/NoSuchMethodError'{0x0000000089827140}: java.lang.invoke.DirectMethodHandle$Holder.invokeStatic(Ljava/lang/Object;Ljava/lang/Object;ILjava/lang/Object;)Ljava/lang/Object;> (0x0000000089827140) thrown at [t:/workspace/open/src/hotsp
Event: 0.433 Thread 0x000001e166ca7000 Exception <a 'java/lang/NoSuchMethodError'{0x000000008982a6d0}: method resolution failed> (0x000000008982a6d0) thrown at [t:/workspace/open/src/hotspot/share/prims/methodHandles.cpp, line 1226]
Event: 0.433 Thread 0x000001e166ca7000 Exception <a 'java/lang/NoSuchMethodError'{0x00000000898308f8}: method resolution failed> (0x00000000898308f8) thrown at [t:/workspace/open/src/hotspot/share/prims/methodHandles.cpp, line 1226]

Events (10 events):
Event: 0.439 loading class java/util/concurrent/ExecutionException
Event: 0.439 loading class java/util/concurrent/ExecutionException done
Event: 0.439 loading class java/util/concurrent/FutureTask$WaitNode
Event: 0.439 loading class java/util/concurrent/FutureTask$WaitNode done
Event: 0.439 loading class java/util/concurrent/Executors$RunnableAdapter
Event: 0.439 loading class java/util/concurrent/Executors$RunnableAdapter done
Event: 0.440 Executing VM operation: RevokeBias
Event: 0.440 Executing VM operation: RevokeBias done
Event: 0.440 Executing VM operation: BulkRevokeBias
Event: 0.440 Executing VM operation: BulkRevokeBias done


Dynamic libraries:
0x00007ff7f2150000 - 0x00007ff7f218e000 	C:\Program Files\Java\jdk-10.0.2\bin\javaw.exe
0x00007ffce3de0000 - 0x00007ffce3fc1000 	C:\WINDOWS\SYSTEM32\ntdll.dll
0x00007ffcc9a30000 - 0x00007ffcc9a44000 	C:\Program Files\AVAST Software\Avast\x64\aswhooka.dll
0x00007ffce2290000 - 0x00007ffce2342000 	C:\WINDOWS\System32\KERNEL32.DLL
0x00007ffce0290000 - 0x00007ffce0503000 	C:\WINDOWS\System32\KERNELBASE.dll
0x00007ffce24a0000 - 0x00007ffce2541000 	C:\WINDOWS\System32\ADVAPI32.dll
0x00007ffce1330000 - 0x00007ffce13ce000 	C:\WINDOWS\System32\msvcrt.dll
0x00007ffce2130000 - 0x00007ffce218b000 	C:\WINDOWS\System32\sechost.dll
0x00007ffce2370000 - 0x00007ffce2494000 	C:\WINDOWS\System32\RPCRT4.dll
0x00007ffce1580000 - 0x00007ffce1710000 	C:\WINDOWS\System32\USER32.dll
0x00007ffce0510000 - 0x00007ffce0530000 	C:\WINDOWS\System32\win32u.dll
0x00007ffce2260000 - 0x00007ffce2288000 	C:\WINDOWS\System32\GDI32.dll
0x00007ffce10d0000 - 0x00007ffce1262000 	C:\WINDOWS\System32\gdi32full.dll
0x00007ffce0530000 - 0x00007ffce05cf000 	C:\WINDOWS\System32\msvcp_win.dll
0x00007ffce05d0000 - 0x00007ffce06ca000 	C:\WINDOWS\System32\ucrtbase.dll
0x00007ffcd0e30000 - 0x00007ffcd1099000 	C:\WINDOWS\WinSxS\amd64_microsoft.windows.common-controls_6595b64144ccf1df_6.0.17134.345_none_fb429a5930656358\COMCTL32.dll
0x00007ffce2550000 - 0x00007ffce2873000 	C:\WINDOWS\System32\combase.dll
0x00007ffce0210000 - 0x00007ffce028a000 	C:\WINDOWS\System32\bcryptPrimitives.dll
0x00007ffcd47b0000 - 0x00007ffcd47ba000 	C:\WINDOWS\SYSTEM32\VERSION.dll
0x00007ffce1c50000 - 0x00007ffce1c7d000 	C:\WINDOWS\System32\IMM32.DLL
0x00007ffcb9cf0000 - 0x00007ffcb9ddf000 	C:\Program Files\Java\jdk-10.0.2\bin\msvcr120.dll
0x00007ffcb8cb0000 - 0x00007ffcb8d56000 	C:\Program Files\Java\jdk-10.0.2\bin\msvcp120.dll
0x0000000061c20000 - 0x0000000062690000 	C:\Program Files\Java\jdk-10.0.2\bin\server\jvm.dll
0x00007ffce1270000 - 0x00007ffce1278000 	C:\WINDOWS\System32\PSAPI.DLL
0x00007ffcca7e0000 - 0x00007ffcca7e9000 	C:\WINDOWS\SYSTEM32\WSOCK32.dll
0x00007ffce21f0000 - 0x00007ffce225c000 	C:\WINDOWS\System32\WS2_32.dll
0x00007ffcde340000 - 0x00007ffcde363000 	C:\WINDOWS\SYSTEM32\WINMM.dll
0x00007ffcdddf0000 - 0x00007ffcdde1a000 	C:\WINDOWS\SYSTEM32\WINMMBASE.dll
0x00007ffce0970000 - 0x00007ffce09b9000 	C:\WINDOWS\System32\cfgmgr32.dll
0x00007ffcd6630000 - 0x00007ffcd663f000 	C:\Program Files\Java\jdk-10.0.2\bin\verify.dll
0x00007ffccbda0000 - 0x00007ffccbf69000 	C:\WINDOWS\SYSTEM32\DBGHELP.DLL
0x00007ffccbc30000 - 0x00007ffccbc59000 	C:\WINDOWS\SYSTEM32\dbgcore.DLL
0x00007ffccabf0000 - 0x00007ffccac17000 	C:\Program Files\Java\jdk-10.0.2\bin\java.dll
0x00007ffcc61b0000 - 0x00007ffcc61c6000 	C:\Program Files\Java\jdk-10.0.2\bin\zip.dll
0x00007ffcd6550000 - 0x00007ffcd655a000 	C:\Program Files\Java\jdk-10.0.2\bin\jimage.dll
0x00007ffce28f0000 - 0x00007ffce3d2f000 	C:\WINDOWS\System32\SHELL32.dll
0x00007ffce1280000 - 0x00007ffce1329000 	C:\WINDOWS\System32\shcore.dll
0x00007ffce09c0000 - 0x00007ffce10cd000 	C:\WINDOWS\System32\windows.storage.dll
0x00007ffce2890000 - 0x00007ffce28e1000 	C:\WINDOWS\System32\shlwapi.dll
0x00007ffce0190000 - 0x00007ffce01a1000 	C:\WINDOWS\System32\kernel.appcore.dll
0x00007ffce0170000 - 0x00007ffce018f000 	C:\WINDOWS\System32\profapi.dll
0x00007ffce0100000 - 0x00007ffce014c000 	C:\WINDOWS\System32\powrprof.dll
0x00007ffce00f0000 - 0x00007ffce00fa000 	C:\WINDOWS\System32\FLTLIB.DLL
0x000001e166c70000 - 0x000001e166c73000 	C:\Program Files\Java\jdk-10.0.2\bin\api-ms-win-core-console-l1-1-0.dll
0x000001e17a570000 - 0x000001e17a573000 	C:\Program Files\Java\jdk-10.0.2\bin\api-ms-win-core-datetime-l1-1-0.dll
0x000001e17a580000 - 0x000001e17a583000 	C:\Program Files\Java\jdk-10.0.2\bin\api-ms-win-core-debug-l1-1-0.dll
0x000001e17a590000 - 0x000001e17a593000 	C:\Program Files\Java\jdk-10.0.2\bin\api-ms-win-core-errorhandling-l1-1-0.dll
0x000001e17a5a0000 - 0x000001e17a5a4000 	C:\Program Files\Java\jdk-10.0.2\bin\api-ms-win-core-file-l1-1-0.dll
0x000001e17a5b0000 - 0x000001e17a5b3000 	C:\Program Files\Java\jdk-10.0.2\bin\api-ms-win-core-file-l1-2-0.dll
0x000001e17a5c0000 - 0x000001e17a5c3000 	C:\Program Files\Java\jdk-10.0.2\bin\api-ms-win-core-file-l2-1-0.dll
0x000001e17a5d0000 - 0x000001e17a5d3000 	C:\Program Files\Java\jdk-10.0.2\bin\api-ms-win-core-handle-l1-1-0.dll
0x000001e17a5e0000 - 0x000001e17a5e3000 	C:\Program Files\Java\jdk-10.0.2\bin\api-ms-win-core-heap-l1-1-0.dll
0x000001e17a5f0000 - 0x000001e17a5f3000 	C:\Program Files\Java\jdk-10.0.2\bin\api-ms-win-core-interlocked-l1-1-0.dll
0x000001e17a600000 - 0x000001e17a603000 	C:\Program Files\Java\jdk-10.0.2\bin\api-ms-win-core-libraryloader-l1-1-0.dll
0x000001e17a610000 - 0x000001e17a613000 	C:\Program Files\Java\jdk-10.0.2\bin\api-ms-win-core-localization-l1-2-0.dll
0x000001e17a620000 - 0x000001e17a623000 	C:\Program Files\Java\jdk-10.0.2\bin\api-ms-win-core-memory-l1-1-0.dll
0x000001e17a630000 - 0x000001e17a633000 	C:\Program Files\Java\jdk-10.0.2\bin\api-ms-win-core-namedpipe-l1-1-0.dll
0x000001e17a640000 - 0x000001e17a643000 	C:\Program Files\Java\jdk-10.0.2\bin\api-ms-win-core-processenvironment-l1-1-0.dll
0x000001e17a650000 - 0x000001e17a653000 	C:\Program Files\Java\jdk-10.0.2\bin\api-ms-win-core-processthreads-l1-1-0.dll
0x000001e17a660000 - 0x000001e17a663000 	C:\Program Files\Java\jdk-10.0.2\bin\api-ms-win-core-processthreads-l1-1-1.dll
0x000001e17a670000 - 0x000001e17a673000 	C:\Program Files\Java\jdk-10.0.2\bin\api-ms-win-core-profile-l1-1-0.dll
0x000001e17a680000 - 0x000001e17a683000 	C:\Program Files\Java\jdk-10.0.2\bin\api-ms-win-core-rtlsupport-l1-1-0.dll
0x000001e17a690000 - 0x000001e17a693000 	C:\Program Files\Java\jdk-10.0.2\bin\api-ms-win-core-string-l1-1-0.dll
0x000001e17a6a0000 - 0x000001e17a6a3000 	C:\Program Files\Java\jdk-10.0.2\bin\api-ms-win-core-synch-l1-1-0.dll
0x000001e17a6b0000 - 0x000001e17a6b3000 	C:\Program Files\Java\jdk-10.0.2\bin\api-ms-win-core-synch-l1-2-0.dll
0x000001e17a6c0000 - 0x000001e17a6c3000 	C:\Program Files\Java\jdk-10.0.2\bin\api-ms-win-core-sysinfo-l1-1-0.dll
0x000001e17a6d0000 - 0x000001e17a6d3000 	C:\Program Files\Java\jdk-10.0.2\bin\api-ms-win-core-timezone-l1-1-0.dll
0x000001e17a6e0000 - 0x000001e17a6e3000 	C:\Program Files\Java\jdk-10.0.2\bin\api-ms-win-core-util-l1-1-0.dll
0x000001e17a6f0000 - 0x000001e17a6f3000 	C:\Program Files\Java\jdk-10.0.2\bin\api-ms-win-crt-conio-l1-1-0.dll
0x000001e17a700000 - 0x000001e17a704000 	C:\Program Files\Java\jdk-10.0.2\bin\api-ms-win-crt-convert-l1-1-0.dll
0x000001e17a710000 - 0x000001e17a713000 	C:\Program Files\Java\jdk-10.0.2\bin\api-ms-win-crt-environment-l1-1-0.dll
0x000001e17a720000 - 0x000001e17a723000 	C:\Program Files\Java\jdk-10.0.2\bin\api-ms-win-crt-filesystem-l1-1-0.dll
0x000001e17a730000 - 0x000001e17a733000 	C:\Program Files\Java\jdk-10.0.2\bin\api-ms-win-crt-heap-l1-1-0.dll
0x000001e17a740000 - 0x000001e17a743000 	C:\Program Files\Java\jdk-10.0.2\bin\api-ms-win-crt-locale-l1-1-0.dll
0x000001e17a750000 - 0x000001e17a755000 	C:\Program Files\Java\jdk-10.0.2\bin\api-ms-win-crt-math-l1-1-0.dll
0x000001e17a760000 - 0x000001e17a765000 	C:\Program Files\Java\jdk-10.0.2\bin\api-ms-win-crt-multibyte-l1-1-0.dll
0x000001e17a770000 - 0x000001e17a780000 	C:\Program Files\Java\jdk-10.0.2\bin\api-ms-win-crt-private-l1-1-0.dll
0x000001e17a780000 - 0x000001e17a783000 	C:\Program Files\Java\jdk-10.0.2\bin\api-ms-win-crt-process-l1-1-0.dll
0x000001e17a790000 - 0x000001e17a794000 	C:\Program Files\Java\jdk-10.0.2\bin\api-ms-win-crt-runtime-l1-1-0.dll
0x000001e17a7a0000 - 0x000001e17a7a4000 	C:\Program Files\Java\jdk-10.0.2\bin\api-ms-win-crt-stdio-l1-1-0.dll
0x000001e17a7b0000 - 0x000001e17a7b4000 	C:\Program Files\Java\jdk-10.0.2\bin\api-ms-win-crt-string-l1-1-0.dll
0x000001e17a7c0000 - 0x000001e17a7c3000 	C:\Program Files\Java\jdk-10.0.2\bin\api-ms-win-crt-time-l1-1-0.dll
0x000001e17a7d0000 - 0x000001e17a7d3000 	C:\Program Files\Java\jdk-10.0.2\bin\api-ms-win-crt-utility-l1-1-0.dll
0x00007ffcb8ab0000 - 0x00007ffcb8ba6000 	C:\Program Files\Java\jdk-10.0.2\bin\ucrtbase.dll
0x00007ffcc45d0000 - 0x00007ffcc45e6000 	C:\Program Files\Java\jdk-10.0.2\bin\vcruntime140.dll
0x00007ffcb8560000 - 0x00007ffcb85fc000 	C:\Program Files\Java\jdk-10.0.2\bin\msvcp140.dll
0x00007ffcbc9f0000 - 0x00007ffcbca41000 	C:\Program Files\Java\jdk-10.0.2\bin\concrt140.dll
0x00007ffcbc2a0000 - 0x00007ffcbc2c3000 	C:\Program Files\Java\jdk-10.0.2\bin\prism_d3d.dll
0x00007ffcc7830000 - 0x00007ffcc79c7000 	C:\WINDOWS\system32\d3d9.dll
0x00007ffcde8b0000 - 0x00007ffcde8d9000 	C:\WINDOWS\SYSTEM32\dwmapi.dll
0x00007ffcde790000 - 0x00007ffcde828000 	C:\WINDOWS\system32\uxtheme.dll
0x00007ffca6340000 - 0x00007ffca6517000 	C:\WINDOWS\System32\DriverStore\FileRepository\igdlh64.inf_amd64_48c2e68e54c92258\igdumdim64.dll
0x00007ffcb9ca0000 - 0x00007ffcb9cea000 	C:\Program Files\Java\jdk-10.0.2\bin\glass.dll
0x00007ffce1710000 - 0x00007ffce17fd000 	C:\WINDOWS\System32\COMDLG32.dll
0x00007ffce1d80000 - 0x00007ffce1ed1000 	C:\WINDOWS\System32\ole32.dll
0x00007ffce2060000 - 0x00007ffce2122000 	C:\WINDOWS\System32\OLEAUT32.dll
0x00007ffce1ee0000 - 0x00007ffce2054000 	C:\WINDOWS\System32\MSCTF.dll

dbghelp: loaded successfully - version: 4.0.5 - missing functions: none
symbol engine: initialized successfully - sym options: 0x614 - pdb path: .;C:\Program Files\Java\jdk-10.0.2\bin;C:\WINDOWS\SYSTEM32;C:\Program Files\AVAST Software\Avast\x64;C:\WINDOWS\WinSxS\amd64_microsoft.windows.common-controls_6595b64144ccf1df_6.0.17134.345_none_fb429a5930656358;C:\Program Files\Java\jdk-10.0.2\bin\server;C:\WINDOWS\System32\DriverStore\FileRepository\igdlh64.inf_amd64_48c2e68e54c92258

VM Arguments:
jvm_args: -Dfile.encoding=Cp1251 
java_command: application.Main
java_class_path (initial): C:\Users\Neo\eclipse-workspace\SpringMavenSelenium\target\classes;C:\Users\Neo\.m2\repository\org\springframework\spring-core\5.1.1.RELEASE\spring-core-5.1.1.RELEASE.jar;C:\Users\Neo\.m2\repository\org\springframework\spring-jcl\5.1.1.RELEASE\spring-jcl-5.1.1.RELEASE.jar;C:\Users\Neo\.m2\repository\org\springframework\spring-context\5.1.1.RELEASE\spring-context-5.1.1.RELEASE.jar;C:\Users\Neo\.m2\repository\org\springframework\spring-aop\5.1.1.RELEASE\spring-aop-5.1.1.RELEASE.jar;C:\Users\Neo\.m2\repository\org\springframework\spring-beans\5.1.1.RELEASE\spring-beans-5.1.1.RELEASE.jar;C:\Users\Neo\.m2\repository\org\springframework\spring-expression\5.1.1.RELEASE\spring-expression-5.1.1.RELEASE.jar;C:\Users\Neo\.m2\repository\org\springframework\spring-jdbc\5.1.1.RELEASE\spring-jdbc-5.1.1.RELEASE.jar;C:\Users\Neo\.m2\repository\org\springframework\spring-tx\5.1.1.RELEASE\spring-tx-5.1.1.RELEASE.jar;C:\Users\Neo\.m2\repository\org\seleniumhq\selenium\selenium-java\3.14.0\selenium-java-3.14.0.jar;C:\Users\Neo\.m2\repository\org\seleniumhq\selenium\selenium-api\3.14.0\selenium-api-3.14.0.jar;C:\Users\Neo\.m2\repository\org\seleniumhq\selenium\selenium-chrome-driver\3.14.0\selenium-chrome-driver-3.14.0.jar;C:\Users\Neo\.m2\repository\org\seleniumhq\selenium\selenium-edge-driver\3.14.0\selenium-edge-driver-3.14.0.jar;C:\Users\Neo\.m2\repository\org\seleniumhq\selenium\selenium-firefox-driver\3.14.0\selenium-firefox-driver-3.14.0.jar;C:\Users\Neo\.m2\repository\org\seleniumhq\selenium\selenium-ie-driver\3.14.0\selenium-ie-driver-3.14.0.jar;C:\Users\Neo\.m2\repository\org\seleniumhq\selenium\selenium-opera-driver\3.14.0\selenium-opera-driver-3.14.0.jar;C:\Users\Neo\.m2\repository\org\seleniumhq\selenium\selenium-remote-driver\3.14.0\selenium-remote-driver-3.14.0.jar;C:\Users\Neo\.m2\repository\org\seleniumhq\selenium\selenium-safari-driver\3.14.0\selenium-safari-driver-3.14.0.jar;C:\Users\Neo\.m2\repository\org\seleniumhq\selenium\selenium-suppor
Launcher Type: SUN_STANDARD

Logging:
Log output configuration:
#0: stdout all=warning uptime,level,tags
#1: stderr all=off uptime,level,tags

Environment Variables:
PATH=C:\Program Files (x86)\Common Files\Oracle\Java\javapath;C:\WINDOWS\system32;C:\WINDOWS;C:\WINDOWS\System32\Wbem;C:\WINDOWS\System32\WindowsPowerShell\v1.0\;C:\Program Files\Git\cmd;C:\xampp\php;C:\ProgramData\ComposerSetup\bin;C:\Program Files\nodejs\;C:\Program Files\dotnet\;C:\Program Files\Microsoft SQL Server\130\Tools\Binn\;C:\WINDOWS\System32\OpenSSH\;C:\Users\Neo\AppData\Local\Programs\Python\Python36-32\Scripts\;C:\Users\Neo\AppData\Local\Programs\Python\Python36-32\;C:\Users\Neo\AppData\Local\Microsoft\WindowsApps;C:\Users\Neo\AppData\Roaming\Composer\vendor\bin;C:\Users\Neo\AppData\Roaming\npm;C:\Users\Neo\AppData\Local\atom\bin;C:\Users\Neo\AppData\Local\Microsoft\WindowsApps;C:\Program Files\Java\apache-maven-3.5.4\bin;
USERNAME=Neo
OS=Windows_NT
PROCESSOR_IDENTIFIER=Intel64 Family 6 Model 78 Stepping 3, GenuineIntel



---------------  S Y S T E M  ---------------

OS: Windows 10 , 64 bit Build 17134 (10.0.17134.1)

CPU:total 4 (initial active 4) (2 cores per cpu, 2 threads per core) family 6 model 78 stepping 3, cmov, cx8, fxsr, mmx, sse, sse2, sse3, ssse3, sse4.1, sse4.2, popcnt, avx, avx2, aes, clmul, erms, 3dnowpref, lzcnt, ht, tsc, tscinvbit, bmi1, bmi2, adx, fma

Memory: 4k page, physical 8259336k(3027816k free), swap 11331336k(6496k free)

vm_info: Java HotSpot(TM) 64-Bit Server VM (10.0.2+13) for windows-amd64 JRE (10.0.2+13), built on Jun 28 2018 01:57:56 by "mach5one" with MS VC++ 12.0 (VS2013)

END.
