#
# There is insufficient memory for the Java Runtime Environment to continue.
# Native memory allocation (malloc) failed to allocate 1048576 bytes for AllocateHeap
# Possible reasons:
#   The system is out of physical RAM or swap space
#   The process is running with CompressedOops enabled, and the Java Heap may be blocking the growth of the native heap
# Possible solutions:
#   Reduce memory load on the system
#   Increase physical memory or swap space
#   Check if swap backing store is full
#   Decrease Java heap size (-Xmx/-Xms)
#   Decrease number of Java threads
#   Decrease Java thread stack sizes (-Xss)
#   Set larger code cache with -XX:ReservedCodeCacheSize=
#   JVM is running with Unscaled Compressed Oops mode in which the Java heap is
#     placed in the first 4GB address space. The Java Heap base address is the
#     maximum limit for the native heap growth. Please use -XX:HeapBaseMinAddress
#     to set the Java Heap base and to place the Java Heap above 4GB virtual address.
# This output file may be truncated or incomplete.
#
#  Out of Memory Error (memory/allocation.inline.hpp:63), pid=17620, tid=15420
#
# JRE version: Java(TM) SE Runtime Environment (10.0.2+13) (build 10.0.2+13)
# Java VM: Java HotSpot(TM) 64-Bit Server VM (10.0.2+13, mixed mode, tiered, compressed oops, g1 gc, windows-amd64)
# No core dump will be written. Minidumps are not enabled by default on client versions of Windows
#

---------------  S U M M A R Y ------------

Command Line: -Dfile.encoding=Cp1251 application.Main

Host: Intel(R) Core(TM) i5-6200U CPU @ 2.30GHz, 4 cores, 7G,  Windows 10 , 64 bit Build 17134 (10.0.17134.1)
Time: Sun Oct 21 12:42:32 2018 FLE Daylight Time elapsed time: 0 seconds (0d 0h 0m 0s)

---------------  T H R E A D  ---------------

Current thread (0x00000212edb68800):  VMThread "VM Thread" [stack: 0x0000006a6ab00000,0x0000006a6ac00000] [id=15420]

Stack: [0x0000006a6ab00000,0x0000006a6ac00000]
[error occurred during error reporting (printing stack bounds), id 0xe0000001]

Native frames: (J=compiled Java code, j=interpreted, Vv=VM code, C=native code)
V  [jvm.dll+0x5a01a9]
V  [jvm.dll+0x6bcf31]
V  [jvm.dll+0x6be126]
V  [jvm.dll+0x6be715]
V  [jvm.dll+0x6be6cb]
V  [jvm.dll+0x59f993]
V  [jvm.dll+0x59fda8]
C  [ntdll.dll+0x9ed2d]
C  [ntdll.dll+0x6c86]
C  [ntdll.dll+0x9dc5e]
C  0x00000212d7b60ead

VM_Operation (0x0000006a69ffb380): CollectForMetadataAllocation, mode: safepoint, requested by thread 0x00000212cc7d9000


---------------  P R O C E S S  ---------------

Threads class SMR info:
_java_thread_list=0x00000212ee986b40, length=12, elements={
0x00000212cc7d9000, 0x00000212edb7e800, 0x00000212edb8a000, 0x00000212edb8c800,
0x00000212ee4e2800, 0x00000212ee4e3800, 0x00000212edb9f800, 0x00000212ee4ec000,
0x00000212ee549000, 0x00000212ee697800, 0x00000212ee69e000, 0x00000212ee9af000
}

Java Threads: ( => current thread )
  0x00000212cc7d9000 JavaThread "main" [_thread_blocked, id=16072, stack(0x0000006a69f00000,0x0000006a6a000000)]
  0x00000212edb7e800 JavaThread "Reference Handler" daemon [_thread_blocked, id=8500, stack(0x0000006a6ac00000,0x0000006a6ad00000)]
  0x00000212edb8a000 JavaThread "Finalizer" daemon [_thread_blocked, id=17612, stack(0x0000006a6ad00000,0x0000006a6ae00000)]
  0x00000212edb8c800 JavaThread "Signal Dispatcher" daemon [_thread_blocked, id=13796, stack(0x0000006a6ae00000,0x0000006a6af00000)]
  0x00000212ee4e2800 JavaThread "Attach Listener" daemon [_thread_blocked, id=18136, stack(0x0000006a6af00000,0x0000006a6b000000)]
  0x00000212ee4e3800 JavaThread "C2 CompilerThread0" daemon [_thread_blocked, id=11448, stack(0x0000006a6b000000,0x0000006a6b100000)]
  0x00000212edb9f800 JavaThread "C2 CompilerThread1" daemon [_thread_in_native, id=17732, stack(0x0000006a6b100000,0x0000006a6b200000)]
  0x00000212ee4ec000 JavaThread "C1 CompilerThread2" daemon [_thread_blocked, id=12816, stack(0x0000006a6b200000,0x0000006a6b300000)]
  0x00000212ee549000 JavaThread "Sweeper thread" daemon [_thread_blocked, id=14364, stack(0x0000006a6b300000,0x0000006a6b400000)]
  0x00000212ee697800 JavaThread "Service Thread" daemon [_thread_blocked, id=12176, stack(0x0000006a6b400000,0x0000006a6b500000)]
  0x00000212ee69e000 JavaThread "Common-Cleaner" daemon [_thread_blocked, id=432, stack(0x0000006a6b500000,0x0000006a6b600000)]
  0x00000212ee9af000 JavaThread "QuantumRenderer-0" daemon [_thread_blocked, id=12368, stack(0x0000006a6b700000,0x0000006a6b800000)]

Other Threads:
=>0x00000212edb68800 VMThread "VM Thread" [stack: 0x0000006a6ab00000,0x0000006a6ac00000] [id=15420]
  0x00000212ee69f000 WatcherThread [stack: 0x0000006a6b600000,0x0000006a6b700000] [id=15440]
  0x00000212cc7f2800 GCTaskThread "GC Thread#0" [stack: 0x0000006a6a000000,0x0000006a6a100000] [id=16012]
  0x00000212cc7f4000 GCTaskThread "GC Thread#1" [stack: 0x0000006a6a100000,0x0000006a6a200000] [id=8940]
  0x00000212cc7f7000 GCTaskThread "GC Thread#2" [stack: 0x0000006a6a200000,0x0000006a6a300000] [id=18012]
  0x00000212cc7f9000 GCTaskThread "GC Thread#3" [stack: 0x0000006a6a300000,0x0000006a6a400000] [id=17796]
  0x00000212cc863000 ConcurrentGCThread "G1 Main Marker" [stack: 0x0000006a6a400000,0x0000006a6a500000] [id=17180]
  0x00000212cc866000 ConcurrentGCThread "G1 Conc#0" [stack: 0x0000006a6a500000,0x0000006a6a600000] [id=11648]
  0x00000212ed9eb800 ConcurrentGCThread "G1 Refine#0" [stack: 0x0000006a6a600000,0x0000006a6a700000] [id=8172]
  0x00000212ed9ec000 ConcurrentGCThread "G1 Refine#1" [stack: 0x0000006a6a700000,0x0000006a6a800000] [id=1148]
  0x00000212ed9ee800 ConcurrentGCThread "G1 Refine#2" [stack: 0x0000006a6a800000,0x0000006a6a900000] [id=18268]
  0x00000212ed9ef800 ConcurrentGCThread "G1 Refine#3" [stack: 0x0000006a6a900000,0x0000006a6aa00000] [id=17740]
  0x00000212ed9ff800 ConcurrentGCThread "G1 Young RemSet Sampling" [stack: 0x0000006a6aa00000,0x0000006a6ab00000] [id=14808]

Threads with active compile tasks:
C2 CompilerThread1 584       4       jdk.internal.org.objectweb.asm.Frame::execute (2264 bytes)

VM state:at safepoint (normal execution)

VM Mutex/Monitor currently owned by a thread:  ([mutex/lock_event])
[0x00000212cc7d7cb0] Threads_lock - owner thread: 0x00000212edb68800
[0x00000212cc7d7560] Heap_lock - owner thread: 0x00000212cc7d9000

Heap address: 0x0000000081e00000, size: 2018 MB, Compressed Oops mode: 32-bit
Narrow klass base: 0x0000000000000000, Narrow klass shift: 3
Compressed class space size: 1073741824 Address: 0x0000000100000000

Heap:
 garbage-first heap   total 131072K, used 1308K [0x0000000081e00000, 0x0000000100000000)
  region size 1024K, 2 young (2048K), 2 survivors (2048K)
 Metaspace       used 7488K, capacity 7669K, committed 7808K, reserved 1064960K
  class space    used 681K, capacity 787K, committed 896K, reserved 1048576K
Heap Regions: E=young(eden), S=young(survivor), O=old, HS=humongous(starts), HC=humongous(continues), CS=collection set, F=free, A=archive, TS=gc time stamp, AC=allocation context, TAMS=top-at-mark-start (previous, next)
|   0|0x0000000081e00000, 0x0000000081e00000, 0x0000000081f00000|  0%| F|  |TS  0|AC  0|TAMS 0x0000000081e00000, 0x0000000081e00000|
|   1|0x0000000081f00000, 0x0000000081f00000, 0x0000000082000000|  0%| F|  |TS  0|AC  0|TAMS 0x0000000081f00000, 0x0000000081f00000|
|   2|0x0000000082000000, 0x0000000082000000, 0x0000000082100000|  0%| F|  |TS  0|AC  0|TAMS 0x0000000082000000, 0x0000000082000000|
|   3|0x0000000082100000, 0x0000000082100000, 0x0000000082200000|  0%| F|  |TS  0|AC  0|TAMS 0x0000000082100000, 0x0000000082100000|
|   4|0x0000000082200000, 0x0000000082200000, 0x0000000082300000|  0%| F|  |TS  0|AC  0|TAMS 0x0000000082200000, 0x0000000082200000|
|   5|0x0000000082300000, 0x0000000082300000, 0x0000000082400000|  0%| F|  |TS  0|AC  0|TAMS 0x0000000082300000, 0x0000000082300000|
|   6|0x0000000082400000, 0x0000000082400000, 0x0000000082500000|  0%| F|  |TS  0|AC  0|TAMS 0x0000000082400000, 0x0000000082400000|
|   7|0x0000000082500000, 0x0000000082500000, 0x0000000082600000|  0%| F|  |TS  0|AC  0|TAMS 0x0000000082500000, 0x0000000082500000|
|   8|0x0000000082600000, 0x0000000082600000, 0x0000000082700000|  0%| F|  |TS  0|AC  0|TAMS 0x0000000082600000, 0x0000000082600000|
|   9|0x0000000082700000, 0x0000000082700000, 0x0000000082800000|  0%| F|  |TS  0|AC  0|TAMS 0x0000000082700000, 0x0000000082700000|
|  10|0x0000000082800000, 0x0000000082800000, 0x0000000082900000|  0%| F|  |TS  0|AC  0|TAMS 0x0000000082800000, 0x0000000082800000|
|  11|0x0000000082900000, 0x0000000082900000, 0x0000000082a00000|  0%| F|  |TS  0|AC  0|TAMS 0x0000000082900000, 0x0000000082900000|
|  12|0x0000000082a00000, 0x0000000082a00000, 0x0000000082b00000|  0%| F|  |TS  0|AC  0|TAMS 0x0000000082a00000, 0x0000000082a00000|
|  13|0x0000000082b00000, 0x0000000082b00000, 0x0000000082c00000|  0%| F|  |TS  0|AC  0|TAMS 0x0000000082b00000, 0x0000000082b00000|
|  14|0x0000000082c00000, 0x0000000082c00000, 0x0000000082d00000|  0%| F|  |TS  0|AC  0|TAMS 0x0000000082c00000, 0x0000000082c00000|
|  15|0x0000000082d00000, 0x0000000082d00000, 0x0000000082e00000|  0%| F|  |TS  0|AC  0|TAMS 0x0000000082d00000, 0x0000000082d00000|
|  16|0x0000000082e00000, 0x0000000082e00000, 0x0000000082f00000|  0%| F|  |TS  0|AC  0|TAMS 0x0000000082e00000, 0x0000000082e00000|
|  17|0x0000000082f00000, 0x0000000082f00000, 0x0000000083000000|  0%| F|  |TS  0|AC  0|TAMS 0x0000000082f00000, 0x0000000082f00000|
|  18|0x0000000083000000, 0x0000000083000000, 0x0000000083100000|  0%| F|  |TS  0|AC  0|TAMS 0x0000000083000000, 0x0000000083000000|
|  19|0x0000000083100000, 0x0000000083100000, 0x0000000083200000|  0%| F|  |TS  0|AC  0|TAMS 0x0000000083100000, 0x0000000083100000|
|  20|0x0000000083200000, 0x0000000083200000, 0x0000000083300000|  0%| F|  |TS  0|AC  0|TAMS 0x0000000083200000, 0x0000000083200000|
|  21|0x0000000083300000, 0x0000000083300000, 0x0000000083400000|  0%| F|  |TS  0|AC  0|TAMS 0x0000000083300000, 0x0000000083300000|
|  22|0x0000000083400000, 0x0000000083400000, 0x0000000083500000|  0%| F|  |TS  0|AC  0|TAMS 0x0000000083400000, 0x0000000083400000|
|  23|0x0000000083500000, 0x0000000083500000, 0x0000000083600000|  0%| F|  |TS  0|AC  0|TAMS 0x0000000083500000, 0x0000000083500000|
|  24|0x0000000083600000, 0x0000000083600000, 0x0000000083700000|  0%| F|  |TS  0|AC  0|TAMS 0x0000000083600000, 0x0000000083600000|
|  25|0x0000000083700000, 0x0000000083700000, 0x0000000083800000|  0%| F|  |TS  0|AC  0|TAMS 0x0000000083700000, 0x0000000083700000|
|  26|0x0000000083800000, 0x0000000083800000, 0x0000000083900000|  0%| F|  |TS  0|AC  0|TAMS 0x0000000083800000, 0x0000000083800000|
|  27|0x0000000083900000, 0x0000000083900000, 0x0000000083a00000|  0%| F|  |TS  0|AC  0|TAMS 0x0000000083900000, 0x0000000083900000|
|  28|0x0000000083a00000, 0x0000000083a00000, 0x0000000083b00000|  0%| F|  |TS  0|AC  0|TAMS 0x0000000083a00000, 0x0000000083a00000|
|  29|0x0000000083b00000, 0x0000000083b00000, 0x0000000083c00000|  0%| F|  |TS  0|AC  0|TAMS 0x0000000083b00000, 0x0000000083b00000|
|  30|0x0000000083c00000, 0x0000000083c00000, 0x0000000083d00000|  0%| F|  |TS  0|AC  0|TAMS 0x0000000083c00000, 0x0000000083c00000|
|  31|0x0000000083d00000, 0x0000000083d00000, 0x0000000083e00000|  0%| F|  |TS  0|AC  0|TAMS 0x0000000083d00000, 0x0000000083d00000|
|  32|0x0000000083e00000, 0x0000000083e00000, 0x0000000083f00000|  0%| F|  |TS  0|AC  0|TAMS 0x0000000083e00000, 0x0000000083e00000|
|  33|0x0000000083f00000, 0x0000000083f00000, 0x0000000084000000|  0%| F|  |TS  0|AC  0|TAMS 0x0000000083f00000, 0x0000000083f00000|
|  34|0x0000000084000000, 0x0000000084000000, 0x0000000084100000|  0%| F|  |TS  0|AC  0|TAMS 0x0000000084000000, 0x0000000084000000|
|  35|0x0000000084100000, 0x0000000084100000, 0x0000000084200000|  0%| F|  |TS  0|AC  0|TAMS 0x0000000084100000, 0x0000000084100000|
|  36|0x0000000084200000, 0x0000000084200000, 0x0000000084300000|  0%| F|  |TS  0|AC  0|TAMS 0x0000000084200000, 0x0000000084200000|
|  37|0x0000000084300000, 0x0000000084300000, 0x0000000084400000|  0%| F|  |TS  0|AC  0|TAMS 0x0000000084300000, 0x0000000084300000|
|  38|0x0000000084400000, 0x0000000084400000, 0x0000000084500000|  0%| F|  |TS  0|AC  0|TAMS 0x0000000084400000, 0x0000000084400000|
|  39|0x0000000084500000, 0x0000000084500000, 0x0000000084600000|  0%| F|  |TS  0|AC  0|TAMS 0x0000000084500000, 0x0000000084500000|
|  40|0x0000000084600000, 0x0000000084600000, 0x0000000084700000|  0%| F|  |TS  0|AC  0|TAMS 0x0000000084600000, 0x0000000084600000|
|  41|0x0000000084700000, 0x0000000084700000, 0x0000000084800000|  0%| F|  |TS  0|AC  0|TAMS 0x0000000084700000, 0x0000000084700000|
|  42|0x0000000084800000, 0x0000000084800000, 0x0000000084900000|  0%| F|  |TS  0|AC  0|TAMS 0x0000000084800000, 0x0000000084800000|
|  43|0x0000000084900000, 0x0000000084900000, 0x0000000084a00000|  0%| F|  |TS  0|AC  0|TAMS 0x0000000084900000, 0x0000000084900000|
|  44|0x0000000084a00000, 0x0000000084a00000, 0x0000000084b00000|  0%| F|  |TS  0|AC  0|TAMS 0x0000000084a00000, 0x0000000084a00000|
|  45|0x0000000084b00000, 0x0000000084b00000, 0x0000000084c00000|  0%| F|  |TS  0|AC  0|TAMS 0x0000000084b00000, 0x0000000084b00000|
|  46|0x0000000084c00000, 0x0000000084c00000, 0x0000000084d00000|  0%| F|  |TS  0|AC  0|TAMS 0x0000000084c00000, 0x0000000084c00000|
|  47|0x0000000084d00000, 0x0000000084d00000, 0x0000000084e00000|  0%| F|  |TS  0|AC  0|TAMS 0x0000000084d00000, 0x0000000084d00000|
|  48|0x0000000084e00000, 0x0000000084e00000, 0x0000000084f00000|  0%| F|  |TS  0|AC  0|TAMS 0x0000000084e00000, 0x0000000084e00000|
|  49|0x0000000084f00000, 0x0000000084f00000, 0x0000000085000000|  0%| F|  |TS  0|AC  0|TAMS 0x0000000084f00000, 0x0000000084f00000|
|  50|0x0000000085000000, 0x0000000085000000, 0x0000000085100000|  0%| F|  |TS  0|AC  0|TAMS 0x0000000085000000, 0x0000000085000000|
|  51|0x0000000085100000, 0x0000000085100000, 0x0000000085200000|  0%| F|  |TS  0|AC  0|TAMS 0x0000000085100000, 0x0000000085100000|
|  52|0x0000000085200000, 0x0000000085200000, 0x0000000085300000|  0%| F|  |TS  0|AC  0|TAMS 0x0000000085200000, 0x0000000085200000|
|  53|0x0000000085300000, 0x0000000085300000, 0x0000000085400000|  0%| F|  |TS  0|AC  0|TAMS 0x0000000085300000, 0x0000000085300000|
|  54|0x0000000085400000, 0x0000000085400000, 0x0000000085500000|  0%| F|  |TS  0|AC  0|TAMS 0x0000000085400000, 0x0000000085400000|
|  55|0x0000000085500000, 0x0000000085500000, 0x0000000085600000|  0%| F|  |TS  0|AC  0|TAMS 0x0000000085500000, 0x0000000085500000|
|  56|0x0000000085600000, 0x0000000085600000, 0x0000000085700000|  0%| F|  |TS  0|AC  0|TAMS 0x0000000085600000, 0x0000000085600000|
|  57|0x0000000085700000, 0x0000000085700000, 0x0000000085800000|  0%| F|  |TS  0|AC  0|TAMS 0x0000000085700000, 0x0000000085700000|
|  58|0x0000000085800000, 0x0000000085800000, 0x0000000085900000|  0%| F|  |TS  0|AC  0|TAMS 0x0000000085800000, 0x0000000085800000|
|  59|0x0000000085900000, 0x0000000085900000, 0x0000000085a00000|  0%| F|  |TS  0|AC  0|TAMS 0x0000000085900000, 0x0000000085900000|
|  60|0x0000000085a00000, 0x0000000085a00000, 0x0000000085b00000|  0%| F|  |TS  0|AC  0|TAMS 0x0000000085a00000, 0x0000000085a00000|
|  61|0x0000000085b00000, 0x0000000085b00000, 0x0000000085c00000|  0%| F|  |TS  0|AC  0|TAMS 0x0000000085b00000, 0x0000000085b00000|
|  62|0x0000000085c00000, 0x0000000085c00000, 0x0000000085d00000|  0%| F|  |TS  0|AC  0|TAMS 0x0000000085c00000, 0x0000000085c00000|
|  63|0x0000000085d00000, 0x0000000085d00000, 0x0000000085e00000|  0%| F|  |TS  0|AC  0|TAMS 0x0000000085d00000, 0x0000000085d00000|
|  64|0x0000000085e00000, 0x0000000085e00000, 0x0000000085f00000|  0%| F|  |TS  0|AC  0|TAMS 0x0000000085e00000, 0x0000000085e00000|
|  65|0x0000000085f00000, 0x0000000085f00000, 0x0000000086000000|  0%| F|  |TS  0|AC  0|TAMS 0x0000000085f00000, 0x0000000085f00000|
|  66|0x0000000086000000, 0x0000000086000000, 0x0000000086100000|  0%| F|  |TS  0|AC  0|TAMS 0x0000000086000000, 0x0000000086000000|
|  67|0x0000000086100000, 0x0000000086100000, 0x0000000086200000|  0%| F|  |TS  0|AC  0|TAMS 0x0000000086100000, 0x0000000086100000|
|  68|0x0000000086200000, 0x0000000086200000, 0x0000000086300000|  0%| F|  |TS  0|AC  0|TAMS 0x0000000086200000, 0x0000000086200000|
|  69|0x0000000086300000, 0x0000000086300000, 0x0000000086400000|  0%| F|  |TS  0|AC  0|TAMS 0x0000000086300000, 0x0000000086300000|
|  70|0x0000000086400000, 0x0000000086400000, 0x0000000086500000|  0%| F|  |TS  0|AC  0|TAMS 0x0000000086400000, 0x0000000086400000|
|  71|0x0000000086500000, 0x0000000086500000, 0x0000000086600000|  0%| F|  |TS  0|AC  0|TAMS 0x0000000086500000, 0x0000000086500000|
|  72|0x0000000086600000, 0x0000000086600000, 0x0000000086700000|  0%| F|  |TS  0|AC  0|TAMS 0x0000000086600000, 0x0000000086600000|
|  73|0x0000000086700000, 0x0000000086700000, 0x0000000086800000|  0%| F|  |TS  0|AC  0|TAMS 0x0000000086700000, 0x0000000086700000|
|  74|0x0000000086800000, 0x0000000086800000, 0x0000000086900000|  0%| F|  |TS  0|AC  0|TAMS 0x0000000086800000, 0x0000000086800000|
|  75|0x0000000086900000, 0x0000000086900000, 0x0000000086a00000|  0%| F|  |TS  0|AC  0|TAMS 0x0000000086900000, 0x0000000086900000|
|  76|0x0000000086a00000, 0x0000000086a00000, 0x0000000086b00000|  0%| F|  |TS  0|AC  0|TAMS 0x0000000086a00000, 0x0000000086a00000|
|  77|0x0000000086b00000, 0x0000000086b00000, 0x0000000086c00000|  0%| F|  |TS  0|AC  0|TAMS 0x0000000086b00000, 0x0000000086b00000|
|  78|0x0000000086c00000, 0x0000000086c00000, 0x0000000086d00000|  0%| F|  |TS  0|AC  0|TAMS 0x0000000086c00000, 0x0000000086c00000|
|  79|0x0000000086d00000, 0x0000000086d00000, 0x0000000086e00000|  0%| F|  |TS  0|AC  0|TAMS 0x0000000086d00000, 0x0000000086d00000|
|  80|0x0000000086e00000, 0x0000000086e00000, 0x0000000086f00000|  0%| F|  |TS  0|AC  0|TAMS 0x0000000086e00000, 0x0000000086e00000|
|  81|0x0000000086f00000, 0x0000000086f00000, 0x0000000087000000|  0%| F|  |TS  0|AC  0|TAMS 0x0000000086f00000, 0x0000000086f00000|
|  82|0x0000000087000000, 0x0000000087000000, 0x0000000087100000|  0%| F|  |TS  0|AC  0|TAMS 0x0000000087000000, 0x0000000087000000|
|  83|0x0000000087100000, 0x0000000087100000, 0x0000000087200000|  0%| F|  |TS  0|AC  0|TAMS 0x0000000087100000, 0x0000000087100000|
|  84|0x0000000087200000, 0x0000000087200000, 0x0000000087300000|  0%| F|  |TS  0|AC  0|TAMS 0x0000000087200000, 0x0000000087200000|
|  85|0x0000000087300000, 0x0000000087300000, 0x0000000087400000|  0%| F|  |TS  0|AC  0|TAMS 0x0000000087300000, 0x0000000087300000|
|  86|0x0000000087400000, 0x0000000087400000, 0x0000000087500000|  0%| F|  |TS  0|AC  0|TAMS 0x0000000087400000, 0x0000000087400000|
|  87|0x0000000087500000, 0x0000000087500000, 0x0000000087600000|  0%| F|  |TS  0|AC  0|TAMS 0x0000000087500000, 0x0000000087500000|
|  88|0x0000000087600000, 0x0000000087600000, 0x0000000087700000|  0%| F|  |TS  0|AC  0|TAMS 0x0000000087600000, 0x0000000087600000|
|  89|0x0000000087700000, 0x0000000087700000, 0x0000000087800000|  0%| F|  |TS  0|AC  0|TAMS 0x0000000087700000, 0x0000000087700000|
|  90|0x0000000087800000, 0x0000000087800000, 0x0000000087900000|  0%| F|  |TS  0|AC  0|TAMS 0x0000000087800000, 0x0000000087800000|
|  91|0x0000000087900000, 0x0000000087900000, 0x0000000087a00000|  0%| F|  |TS  0|AC  0|TAMS 0x0000000087900000, 0x0000000087900000|
|  92|0x0000000087a00000, 0x0000000087a00000, 0x0000000087b00000|  0%| F|  |TS  0|AC  0|TAMS 0x0000000087a00000, 0x0000000087a00000|
|  93|0x0000000087b00000, 0x0000000087b00000, 0x0000000087c00000|  0%| F|  |TS  0|AC  0|TAMS 0x0000000087b00000, 0x0000000087b00000|
|  94|0x0000000087c00000, 0x0000000087c00000, 0x0000000087d00000|  0%| F|  |TS  0|AC  0|TAMS 0x0000000087c00000, 0x0000000087c00000|
|  95|0x0000000087d00000, 0x0000000087d00000, 0x0000000087e00000|  0%| F|  |TS  0|AC  0|TAMS 0x0000000087d00000, 0x0000000087d00000|
|  96|0x0000000087e00000, 0x0000000087e00000, 0x0000000087f00000|  0%| F|  |TS  0|AC  0|TAMS 0x0000000087e00000, 0x0000000087e00000|
|  97|0x0000000087f00000, 0x0000000087f00000, 0x0000000088000000|  0%| F|  |TS  0|AC  0|TAMS 0x0000000087f00000, 0x0000000087f00000|
|  98|0x0000000088000000, 0x0000000088000000, 0x0000000088100000|  0%| F|  |TS  0|AC  0|TAMS 0x0000000088000000, 0x0000000088000000|
|  99|0x0000000088100000, 0x0000000088100000, 0x0000000088200000|  0%| F|  |TS  0|AC  0|TAMS 0x0000000088100000, 0x0000000088100000|
| 100|0x0000000088200000, 0x0000000088200000, 0x0000000088300000|  0%| F|  |TS  0|AC  0|TAMS 0x0000000088200000, 0x0000000088200000|
| 101|0x0000000088300000, 0x0000000088300000, 0x0000000088400000|  0%| F|  |TS  0|AC  0|TAMS 0x0000000088300000, 0x0000000088300000|
| 102|0x0000000088400000, 0x0000000088400000, 0x0000000088500000|  0%| F|  |TS  0|AC  0|TAMS 0x0000000088400000, 0x0000000088400000|
| 103|0x0000000088500000, 0x0000000088500000, 0x0000000088600000|  0%| F|  |TS  0|AC  0|TAMS 0x0000000088500000, 0x0000000088500000|
| 104|0x0000000088600000, 0x0000000088600000, 0x0000000088700000|  0%| F|  |TS  0|AC  0|TAMS 0x0000000088600000, 0x0000000088600000|
| 105|0x0000000088700000, 0x0000000088700000, 0x0000000088800000|  0%| F|  |TS  0|AC  0|TAMS 0x0000000088700000, 0x0000000088700000|
| 106|0x0000000088800000, 0x0000000088800000, 0x0000000088900000|  0%| F|  |TS  0|AC  0|TAMS 0x0000000088800000, 0x0000000088800000|
| 107|0x0000000088900000, 0x0000000088900000, 0x0000000088a00000|  0%| F|  |TS  0|AC  0|TAMS 0x0000000088900000, 0x0000000088900000|
| 108|0x0000000088a00000, 0x0000000088a00000, 0x0000000088b00000|  0%| F|  |TS  0|AC  0|TAMS 0x0000000088a00000, 0x0000000088a00000|
| 109|0x0000000088b00000, 0x0000000088b00000, 0x0000000088c00000|  0%| F|  |TS  0|AC  0|TAMS 0x0000000088b00000, 0x0000000088b00000|
| 110|0x0000000088c00000, 0x0000000088c00000, 0x0000000088d00000|  0%| F|  |TS  0|AC  0|TAMS 0x0000000088c00000, 0x0000000088c00000|
| 111|0x0000000088d00000, 0x0000000088d00000, 0x0000000088e00000|  0%| F|  |TS  0|AC  0|TAMS 0x0000000088d00000, 0x0000000088d00000|
| 112|0x0000000088e00000, 0x0000000088e00000, 0x0000000088f00000|  0%| F|  |TS  0|AC  0|TAMS 0x0000000088e00000, 0x0000000088e00000|
| 113|0x0000000088f00000, 0x0000000088f00000, 0x0000000089000000|  0%| F|  |TS  0|AC  0|TAMS 0x0000000088f00000, 0x0000000088f00000|
| 114|0x0000000089000000, 0x0000000089000000, 0x0000000089100000|  0%| F|  |TS  0|AC  0|TAMS 0x0000000089000000, 0x0000000089000000|
| 115|0x0000000089100000, 0x0000000089100000, 0x0000000089200000|  0%| F|  |TS  0|AC  0|TAMS 0x0000000089100000, 0x0000000089100000|
| 116|0x0000000089200000, 0x0000000089200000, 0x0000000089300000|  0%| F|  |TS  0|AC  0|TAMS 0x0000000089200000, 0x0000000089200000|
| 117|0x0000000089300000, 0x0000000089300000, 0x0000000089400000|  0%| F|  |TS  0|AC  0|TAMS 0x0000000089300000, 0x0000000089300000|
| 118|0x0000000089400000, 0x0000000089400000, 0x0000000089500000|  0%| F|  |TS  0|AC  0|TAMS 0x0000000089400000, 0x0000000089400000|
| 119|0x0000000089500000, 0x0000000089500000, 0x0000000089600000|  0%| F|  |TS  0|AC  0|TAMS 0x0000000089500000, 0x0000000089500000|
| 120|0x0000000089600000, 0x0000000089647050, 0x0000000089700000| 27%| S|CS|TS  1|AC  0|TAMS 0x0000000089600000, 0x0000000089600000|
| 121|0x0000000089700000, 0x0000000089800000, 0x0000000089800000|100%| S|CS|TS  1|AC  0|TAMS 0x0000000089700000, 0x0000000089700000|
| 122|0x0000000089800000, 0x0000000089800000, 0x0000000089900000|  0%| F|  |TS  1|AC  0|TAMS 0x0000000089800000, 0x0000000089800000|
| 123|0x0000000089900000, 0x0000000089900000, 0x0000000089a00000|  0%| F|  |TS  1|AC  0|TAMS 0x0000000089900000, 0x0000000089900000|
| 124|0x0000000089a00000, 0x0000000089a00000, 0x0000000089b00000|  0%| F|  |TS  1|AC  0|TAMS 0x0000000089a00000, 0x0000000089a00000|
| 125|0x0000000089b00000, 0x0000000089b00000, 0x0000000089c00000|  0%| F|  |TS  1|AC  0|TAMS 0x0000000089b00000, 0x0000000089b00000|
| 126|0x0000000089c00000, 0x0000000089c00000, 0x0000000089d00000|  0%| F|  |TS  1|AC  0|TAMS 0x0000000089c00000, 0x0000000089c00000|
| 127|0x0000000089d00000, 0x0000000089d00000, 0x0000000089e00000|  0%| F|  |TS  1|AC  0|TAMS 0x0000000089d00000, 0x0000000089d00000|

Card table byte_map: [0x00000212e6f60000,0x00000212e7360000] byte_map_base: 0x00000212e6b51000

Marking Bits (Prev, Next): (CMBitMap*) 0x00000212cc862090, (CMBitMap*) 0x00000212cc8620c8
 Prev Bits: [0x00000212e7760000, 0x00000212e96e8000)
 Next Bits: [0x00000212e96f0000, 0x00000212eb678000)

Polling page: 0x00000212ca750000

CodeHeap 'non-profiled nmethods': size=120064Kb used=182Kb max_used=182Kb free=119881Kb
 bounds [0x00000212df620000, 0x00000212df890000, 0x00000212e6b60000]
CodeHeap 'profiled nmethods': size=120000Kb used=995Kb max_used=995Kb free=119004Kb
 bounds [0x00000212d80f0000, 0x00000212d8360000, 0x00000212df620000]
CodeHeap 'non-nmethods': size=5696Kb used=1076Kb max_used=1088Kb free=4619Kb
 bounds [0x00000212d7b60000, 0x00000212d7dd0000, 0x00000212d80f0000]
 total_blobs=1107 nmethods=613 adapters=289
 compilation: enabled

Compilation events (10 events):
Event: 0.538 Thread 0x00000212ee4ec000  611       3       java.util.HashMap::containsKey (18 bytes)
Event: 0.538 Thread 0x00000212ee4ec000 nmethod 611 0x00000212d81e7490 code [0x00000212d81e7660, 0x00000212d81e79e0]
Event: 0.538 Thread 0x00000212ee4ec000  613       1       java.lang.invoke.MethodType::parameterCount (6 bytes)
Event: 0.538 Thread 0x00000212ee4ec000 nmethod 613 0x00000212df64d610 code [0x00000212df64d7c0, 0x00000212df64d8d8]
Event: 0.538 Thread 0x00000212ee4ec000  614       3       java.lang.invoke.LambdaFormEditor$Transform::<init> (17 bytes)
Event: 0.539 Thread 0x00000212ee4ec000 nmethod 614 0x00000212d81e7b10 code [0x00000212d81e7d00, 0x00000212d81e8138]
Event: 0.539 Thread 0x00000212ee4ec000  612       3       java.util.HashSet::contains (9 bytes)
Event: 0.539 Thread 0x00000212ee4ec000 nmethod 612 0x00000212d81e8290 code [0x00000212d81e8480, 0x00000212d81e8900]
Event: 0.539 Thread 0x00000212ee4ec000  615       3       jdk.internal.jimage.ImageStringsReader::hashCode (31 bytes)
Event: 0.540 Thread 0x00000212ee4ec000 nmethod 615 0x00000212d81e8a90 code [0x00000212d81e8c80, 0x00000212d81e8ea0]

GC Heap History (2 events):
Event: 0.542 GC heap before
{Heap before GC invocations=0 (full 0):
 garbage-first heap   total 131072K, used 5120K [0x0000000081e00000, 0x0000000100000000)
  region size 1024K, 6 young (6144K), 0 survivors (0K)
 Metaspace       used 7488K, capacity 7669K, committed 7808K, reserved 1062912K
  class space    used 681K, capacity 787K, committed 896K, reserved 1048576K
}
Event: 0.546 GC heap after
{Heap after GC invocations=1 (full 0):
 garbage-first heap   total 131072K, used 1308K [0x0000000081e00000, 0x0000000100000000)
  region size 1024K, 2 young (2048K), 2 survivors (2048K)
 Metaspace       used 7488K, capacity 7669K, committed 7808K, reserved 1062912K
  class space    used 681K, capacity 787K, committed 896K, reserved 1048576K
}

Deoptimization events (1 events):
Event: 0.168 Thread 0x00000212cc7d9000 Uncommon trap: reason=unstable_if action=reinterpret pc=0x00000212df623c70 method=java.lang.String.hashCode()I @ 14 c2

Classes redefined (0 events):
No events

Internal exceptions (10 events):
Event: 0.290 Thread 0x00000212cc7d9000 Exception <a 'java/lang/NoSuchMethodError'{0x0000000089b85268}: java.lang.invoke.DirectMethodHandle$Holder.invokeStatic(Ljava/lang/Object;Ljava/lang/Object;Ljava/lang/Object;Ljava/lang/Object;Ljava/lang/Object;Ljava/lang/Object;Ljava/lang/Object;Ljava/lan
Event: 0.295 Thread 0x00000212cc7d9000 Exception <a 'java/lang/NoSuchMethodError'{0x0000000089ba6c50}: java.lang.invoke.DirectMethodHandle$Holder.invokeStatic(Ljava/lang/Object;Ljava/lang/Object;Ljava/lang/Object;Ljava/lang/Object;Ljava/lang/Object;Ljava/lang/Object;Ljava/lang/Object;Ljava/lan
Event: 0.304 Thread 0x00000212cc7d9000 Exception <a 'java/lang/NoSuchMethodError'{0x0000000089bca080}: java.lang.invoke.DirectMethodHandle$Holder.invokeStatic(Ljava/lang/Object;Ljava/lang/Object;Ljava/lang/Object;Ljava/lang/Object;Ljava/lang/Object;Ljava/lang/Object;Ljava/lang/Object;Ljava/lan
Event: 0.357 Thread 0x00000212cc7d9000 Exception <a 'java/lang/NoSuchMethodError'{0x0000000089a395b0}: java.lang.invoke.DirectMethodHandle$Holder.invokeStatic(Ljava/lang/Object;Ljava/lang/Object;Ljava/lang/Object;Ljava/lang/Object;Ljava/lang/Object;Ljava/lang/Object;Ljava/lang/Object;Ljava/lan
Event: 0.361 Thread 0x00000212cc7d9000 Exception <a 'java/lang/NoSuchMethodError'{0x0000000089a55820}: java.lang.invoke.DirectMethodHandle$Holder.invokeStatic(Ljava/lang/Object;Ljava/lang/Object;Ljava/lang/Object;Ljava/lang/Object;Ljava/lang/Object;Ljava/lang/Object;Ljava/lang/Object;Ljava/lan
Event: 0.364 Thread 0x00000212cc7d9000 Exception <a 'java/lang/NoSuchMethodError'{0x0000000089a72630}: java.lang.invoke.DirectMethodHandle$Holder.invokeStatic(Ljava/lang/Object;Ljava/lang/Object;Ljava/lang/Object;Ljava/lang/Object;Ljava/lang/Object;Ljava/lang/Object;Ljava/lang/Object;Ljava/lan
Event: 0.409 Thread 0x00000212cc7d9000 Exception <a 'java/lang/NoSuchMethodError'{0x0000000089929180}: java.lang.invoke.DirectMethodHandle$Holder.invokeStatic(Ljava/lang/Object;Ljava/lang/Object;Ljava/lang/Object;)V> (0x0000000089929180) thrown at [t:/workspace/open/src/hotspot/share/interpret
Event: 0.520 Thread 0x00000212cc7d9000 Exception <a 'java/lang/NoSuchMethodError'{0x0000000089933688}: method resolution failed> (0x0000000089933688) thrown at [t:/workspace/open/src/hotspot/share/prims/methodHandles.cpp, line 1226]
Event: 0.521 Thread 0x00000212cc7d9000 Exception <a 'java/lang/NoSuchMethodError'{0x00000000899367d0}: java.lang.invoke.DirectMethodHandle$Holder.invokeStaticInit(Ljava/lang/Object;Ljava/lang/Object;Ljava/lang/Object;)I> (0x00000000899367d0) thrown at [t:/workspace/open/src/hotspot/share/inter
Event: 0.529 Thread 0x00000212cc7d9000 Exception <a 'java/lang/NoSuchMethodError'{0x0000000089942418}: java.lang.invoke.DirectMethodHandle$Holder.invokeSpecial(Ljava/lang/Object;Ljava/lang/Object;)V> (0x0000000089942418) thrown at [t:/workspace/open/src/hotspot/share/interpreter/linkResolver.c

Events (10 events):
Event: 0.522 loading class java/lang/ApplicationShutdownHooks$1 done
Event: 0.522 loading class java/lang/Shutdown
Event: 0.522 loading class java/lang/Shutdown done
Event: 0.522 loading class java/lang/Shutdown$Lock
Event: 0.522 loading class java/lang/Shutdown$Lock done
Event: 0.522 loading class java/util/IdentityHashMap
Event: 0.523 loading class java/util/IdentityHashMap done
Event: 0.530 loading class com/sun/javafx/tk/quantum/QuantumToolkit
Event: 0.530 loading class com/sun/javafx/tk/quantum/QuantumToolkit done
Event: 0.542 Executing VM operation: CollectForMetadataAllocation


Dynamic libraries:
0x00007ff7f2150000 - 0x00007ff7f218e000 	C:\Program Files\Java\jdk-10.0.2\bin\javaw.exe
0x00007ffce3de0000 - 0x00007ffce3fc1000 	C:\WINDOWS\SYSTEM32\ntdll.dll
0x00007ffcc9a30000 - 0x00007ffcc9a44000 	C:\Program Files\AVAST Software\Avast\x64\aswhooka.dll
0x00007ffce2290000 - 0x00007ffce2342000 	C:\WINDOWS\System32\KERNEL32.DLL
0x00007ffce0290000 - 0x00007ffce0503000 	C:\WINDOWS\System32\KERNELBASE.dll
0x00007ffce24a0000 - 0x00007ffce2541000 	C:\WINDOWS\System32\ADVAPI32.dll
0x00007ffce1330000 - 0x00007ffce13ce000 	C:\WINDOWS\System32\msvcrt.dll
0x00007ffce2130000 - 0x00007ffce218b000 	C:\WINDOWS\System32\sechost.dll
0x00007ffce2370000 - 0x00007ffce2494000 	C:\WINDOWS\System32\RPCRT4.dll
0x00007ffce1580000 - 0x00007ffce1710000 	C:\WINDOWS\System32\USER32.dll
0x00007ffce0510000 - 0x00007ffce0530000 	C:\WINDOWS\System32\win32u.dll
0x00007ffce2260000 - 0x00007ffce2288000 	C:\WINDOWS\System32\GDI32.dll
0x00007ffce10d0000 - 0x00007ffce1262000 	C:\WINDOWS\System32\gdi32full.dll
0x00007ffce0530000 - 0x00007ffce05cf000 	C:\WINDOWS\System32\msvcp_win.dll
0x00007ffce05d0000 - 0x00007ffce06ca000 	C:\WINDOWS\System32\ucrtbase.dll
0x00007ffcd0e30000 - 0x00007ffcd1099000 	C:\WINDOWS\WinSxS\amd64_microsoft.windows.common-controls_6595b64144ccf1df_6.0.17134.345_none_fb429a5930656358\COMCTL32.dll
0x00007ffce2550000 - 0x00007ffce2873000 	C:\WINDOWS\System32\combase.dll
0x00007ffce0210000 - 0x00007ffce028a000 	C:\WINDOWS\System32\bcryptPrimitives.dll
0x00007ffcd47b0000 - 0x00007ffcd47ba000 	C:\WINDOWS\SYSTEM32\VERSION.dll
0x00007ffce1c50000 - 0x00007ffce1c7d000 	C:\WINDOWS\System32\IMM32.DLL
0x00007ffcb9cf0000 - 0x00007ffcb9ddf000 	C:\Program Files\Java\jdk-10.0.2\bin\msvcr120.dll
0x00007ffcb8cb0000 - 0x00007ffcb8d56000 	C:\Program Files\Java\jdk-10.0.2\bin\msvcp120.dll
0x0000000061c20000 - 0x0000000062690000 	C:\Program Files\Java\jdk-10.0.2\bin\server\jvm.dll
0x00007ffce1270000 - 0x00007ffce1278000 	C:\WINDOWS\System32\PSAPI.DLL
0x00007ffcca7e0000 - 0x00007ffcca7e9000 	C:\WINDOWS\SYSTEM32\WSOCK32.dll
0x00007ffce21f0000 - 0x00007ffce225c000 	C:\WINDOWS\System32\WS2_32.dll
0x00007ffcde340000 - 0x00007ffcde363000 	C:\WINDOWS\SYSTEM32\WINMM.dll
0x00007ffcdddf0000 - 0x00007ffcdde1a000 	C:\WINDOWS\SYSTEM32\WINMMBASE.dll
0x00007ffce0970000 - 0x00007ffce09b9000 	C:\WINDOWS\System32\cfgmgr32.dll
0x00007ffcd6630000 - 0x00007ffcd663f000 	C:\Program Files\Java\jdk-10.0.2\bin\verify.dll
0x00007ffccbda0000 - 0x00007ffccbf69000 	C:\WINDOWS\SYSTEM32\DBGHELP.DLL
0x00007ffccbc30000 - 0x00007ffccbc59000 	C:\WINDOWS\SYSTEM32\dbgcore.DLL
0x00007ffccabf0000 - 0x00007ffccac17000 	C:\Program Files\Java\jdk-10.0.2\bin\java.dll
0x00007ffcc61b0000 - 0x00007ffcc61c6000 	C:\Program Files\Java\jdk-10.0.2\bin\zip.dll
0x00007ffcd6550000 - 0x00007ffcd655a000 	C:\Program Files\Java\jdk-10.0.2\bin\jimage.dll
0x00007ffce28f0000 - 0x00007ffce3d2f000 	C:\WINDOWS\System32\SHELL32.dll
0x00007ffce1280000 - 0x00007ffce1329000 	C:\WINDOWS\System32\shcore.dll
0x00007ffce09c0000 - 0x00007ffce10cd000 	C:\WINDOWS\System32\windows.storage.dll
0x00007ffce2890000 - 0x00007ffce28e1000 	C:\WINDOWS\System32\shlwapi.dll
0x00007ffce0190000 - 0x00007ffce01a1000 	C:\WINDOWS\System32\kernel.appcore.dll
0x00007ffce0170000 - 0x00007ffce018f000 	C:\WINDOWS\System32\profapi.dll
0x00007ffce0100000 - 0x00007ffce014c000 	C:\WINDOWS\System32\powrprof.dll
0x00007ffce00f0000 - 0x00007ffce00fa000 	C:\WINDOWS\System32\FLTLIB.DLL
0x00000212ca7d0000 - 0x00000212ca7d3000 	C:\Program Files\Java\jdk-10.0.2\bin\api-ms-win-core-console-l1-1-0.dll
0x00000212ca7e0000 - 0x00000212ca7e3000 	C:\Program Files\Java\jdk-10.0.2\bin\api-ms-win-core-datetime-l1-1-0.dll
0x00000212ca7f0000 - 0x00000212ca7f3000 	C:\Program Files\Java\jdk-10.0.2\bin\api-ms-win-core-debug-l1-1-0.dll
0x00000212cc760000 - 0x00000212cc763000 	C:\Program Files\Java\jdk-10.0.2\bin\api-ms-win-core-errorhandling-l1-1-0.dll
0x00000212cc770000 - 0x00000212cc774000 	C:\Program Files\Java\jdk-10.0.2\bin\api-ms-win-core-file-l1-1-0.dll
0x00000212cc780000 - 0x00000212cc783000 	C:\Program Files\Java\jdk-10.0.2\bin\api-ms-win-core-file-l1-2-0.dll
0x00000212cc790000 - 0x00000212cc793000 	C:\Program Files\Java\jdk-10.0.2\bin\api-ms-win-core-file-l2-1-0.dll
0x00000212cc7a0000 - 0x00000212cc7a3000 	C:\Program Files\Java\jdk-10.0.2\bin\api-ms-win-core-handle-l1-1-0.dll
0x00000212ef0a0000 - 0x00000212ef0a3000 	C:\Program Files\Java\jdk-10.0.2\bin\api-ms-win-core-heap-l1-1-0.dll
0x00000212ef0b0000 - 0x00000212ef0b3000 	C:\Program Files\Java\jdk-10.0.2\bin\api-ms-win-core-interlocked-l1-1-0.dll
0x00000212ef0c0000 - 0x00000212ef0c3000 	C:\Program Files\Java\jdk-10.0.2\bin\api-ms-win-core-libraryloader-l1-1-0.dll
0x00000212ef0d0000 - 0x00000212ef0d3000 	C:\Program Files\Java\jdk-10.0.2\bin\api-ms-win-core-localization-l1-2-0.dll
0x00000212ef0e0000 - 0x00000212ef0e3000 	C:\Program Files\Java\jdk-10.0.2\bin\api-ms-win-core-memory-l1-1-0.dll
0x00000212ef0f0000 - 0x00000212ef0f3000 	C:\Program Files\Java\jdk-10.0.2\bin\api-ms-win-core-namedpipe-l1-1-0.dll
0x00000212ef100000 - 0x00000212ef103000 	C:\Program Files\Java\jdk-10.0.2\bin\api-ms-win-core-processenvironment-l1-1-0.dll
0x00000212ef110000 - 0x00000212ef113000 	C:\Program Files\Java\jdk-10.0.2\bin\api-ms-win-core-processthreads-l1-1-0.dll
0x00000212ef120000 - 0x00000212ef123000 	C:\Program Files\Java\jdk-10.0.2\bin\api-ms-win-core-processthreads-l1-1-1.dll
0x00000212ef130000 - 0x00000212ef133000 	C:\Program Files\Java\jdk-10.0.2\bin\api-ms-win-core-profile-l1-1-0.dll
0x00000212ef140000 - 0x00000212ef143000 	C:\Program Files\Java\jdk-10.0.2\bin\api-ms-win-core-rtlsupport-l1-1-0.dll
0x00000212ef150000 - 0x00000212ef153000 	C:\Program Files\Java\jdk-10.0.2\bin\api-ms-win-core-string-l1-1-0.dll
0x00000212ef160000 - 0x00000212ef163000 	C:\Program Files\Java\jdk-10.0.2\bin\api-ms-win-core-synch-l1-1-0.dll
0x00000212ef170000 - 0x00000212ef173000 	C:\Program Files\Java\jdk-10.0.2\bin\api-ms-win-core-synch-l1-2-0.dll
0x00000212ef180000 - 0x00000212ef183000 	C:\Program Files\Java\jdk-10.0.2\bin\api-ms-win-core-sysinfo-l1-1-0.dll
0x00000212ef190000 - 0x00000212ef193000 	C:\Program Files\Java\jdk-10.0.2\bin\api-ms-win-core-timezone-l1-1-0.dll
0x00000212ef1a0000 - 0x00000212ef1a3000 	C:\Program Files\Java\jdk-10.0.2\bin\api-ms-win-core-util-l1-1-0.dll
0x00000212ef1b0000 - 0x00000212ef1b3000 	C:\Program Files\Java\jdk-10.0.2\bin\api-ms-win-crt-conio-l1-1-0.dll
0x00000212ef1c0000 - 0x00000212ef1c4000 	C:\Program Files\Java\jdk-10.0.2\bin\api-ms-win-crt-convert-l1-1-0.dll
0x00000212ef1d0000 - 0x00000212ef1d3000 	C:\Program Files\Java\jdk-10.0.2\bin\api-ms-win-crt-environment-l1-1-0.dll
0x00000212ef1e0000 - 0x00000212ef1e3000 	C:\Program Files\Java\jdk-10.0.2\bin\api-ms-win-crt-filesystem-l1-1-0.dll
0x00000212ef1f0000 - 0x00000212ef1f3000 	C:\Program Files\Java\jdk-10.0.2\bin\api-ms-win-crt-heap-l1-1-0.dll
0x00000212ef200000 - 0x00000212ef203000 	C:\Program Files\Java\jdk-10.0.2\bin\api-ms-win-crt-locale-l1-1-0.dll
0x00000212ef210000 - 0x00000212ef215000 	C:\Program Files\Java\jdk-10.0.2\bin\api-ms-win-crt-math-l1-1-0.dll
0x00000212ef220000 - 0x00000212ef225000 	C:\Program Files\Java\jdk-10.0.2\bin\api-ms-win-crt-multibyte-l1-1-0.dll
0x00000212ef230000 - 0x00000212ef240000 	C:\Program Files\Java\jdk-10.0.2\bin\api-ms-win-crt-private-l1-1-0.dll
0x00000212ef240000 - 0x00000212ef243000 	C:\Program Files\Java\jdk-10.0.2\bin\api-ms-win-crt-process-l1-1-0.dll
0x00000212ef250000 - 0x00000212ef254000 	C:\Program Files\Java\jdk-10.0.2\bin\api-ms-win-crt-runtime-l1-1-0.dll
0x00000212ef260000 - 0x00000212ef264000 	C:\Program Files\Java\jdk-10.0.2\bin\api-ms-win-crt-stdio-l1-1-0.dll
0x00000212ef270000 - 0x00000212ef274000 	C:\Program Files\Java\jdk-10.0.2\bin\api-ms-win-crt-string-l1-1-0.dll
0x00000212ef280000 - 0x00000212ef283000 	C:\Program Files\Java\jdk-10.0.2\bin\api-ms-win-crt-time-l1-1-0.dll
0x00000212ef290000 - 0x00000212ef293000 	C:\Program Files\Java\jdk-10.0.2\bin\api-ms-win-crt-utility-l1-1-0.dll
0x00007ffcb8ab0000 - 0x00007ffcb8ba6000 	C:\Program Files\Java\jdk-10.0.2\bin\ucrtbase.dll
0x00007ffcc45d0000 - 0x00007ffcc45e6000 	C:\Program Files\Java\jdk-10.0.2\bin\vcruntime140.dll
0x00007ffcb8560000 - 0x00007ffcb85fc000 	C:\Program Files\Java\jdk-10.0.2\bin\msvcp140.dll
0x00007ffcbc9f0000 - 0x00007ffcbca41000 	C:\Program Files\Java\jdk-10.0.2\bin\concrt140.dll
0x00007ffcbc2a0000 - 0x00007ffcbc2c3000 	C:\Program Files\Java\jdk-10.0.2\bin\prism_d3d.dll
0x00007ffcc7830000 - 0x00007ffcc79c7000 	C:\WINDOWS\system32\d3d9.dll
0x00007ffcde8b0000 - 0x00007ffcde8d9000 	C:\WINDOWS\SYSTEM32\dwmapi.dll
0x00007ffcde790000 - 0x00007ffcde828000 	C:\WINDOWS\system32\uxtheme.dll
0x00007ffca6340000 - 0x00007ffca6517000 	C:\WINDOWS\System32\DriverStore\FileRepository\igdlh64.inf_amd64_48c2e68e54c92258\igdumdim64.dll

dbghelp: loaded successfully - version: 4.0.5 - missing functions: none
symbol engine: initialized successfully - sym options: 0x614 - pdb path: .;C:\Program Files\Java\jdk-10.0.2\bin;C:\WINDOWS\SYSTEM32;C:\Program Files\AVAST Software\Avast\x64;C:\WINDOWS\WinSxS\amd64_microsoft.windows.common-controls_6595b64144ccf1df_6.0.17134.345_none_fb429a5930656358;C:\Program Files\Java\jdk-10.0.2\bin\server;C:\WINDOWS\System32\DriverStore\FileRepository\igdlh64.inf_amd64_48c2e68e54c92258

VM Arguments:
jvm_args: -Dfile.encoding=Cp1251 
java_command: application.Main
java_class_path (initial): C:\Users\Neo\eclipse-workspace\SpringMavenSelenium\target\classes;C:\Users\Neo\.m2\repository\org\springframework\spring-core\5.1.1.RELEASE\spring-core-5.1.1.RELEASE.jar;C:\Users\Neo\.m2\repository\org\springframework\spring-jcl\5.1.1.RELEASE\spring-jcl-5.1.1.RELEASE.jar;C:\Users\Neo\.m2\repository\org\springframework\spring-context\5.1.1.RELEASE\spring-context-5.1.1.RELEASE.jar;C:\Users\Neo\.m2\repository\org\springframework\spring-aop\5.1.1.RELEASE\spring-aop-5.1.1.RELEASE.jar;C:\Users\Neo\.m2\repository\org\springframework\spring-beans\5.1.1.RELEASE\spring-beans-5.1.1.RELEASE.jar;C:\Users\Neo\.m2\repository\org\springframework\spring-expression\5.1.1.RELEASE\spring-expression-5.1.1.RELEASE.jar;C:\Users\Neo\.m2\repository\org\springframework\spring-jdbc\5.1.1.RELEASE\spring-jdbc-5.1.1.RELEASE.jar;C:\Users\Neo\.m2\repository\org\springframework\spring-tx\5.1.1.RELEASE\spring-tx-5.1.1.RELEASE.jar;C:\Users\Neo\.m2\repository\org\seleniumhq\selenium\selenium-java\3.14.0\selenium-java-3.14.0.jar;C:\Users\Neo\.m2\repository\org\seleniumhq\selenium\selenium-api\3.14.0\selenium-api-3.14.0.jar;C:\Users\Neo\.m2\repository\org\seleniumhq\selenium\selenium-chrome-driver\3.14.0\selenium-chrome-driver-3.14.0.jar;C:\Users\Neo\.m2\repository\org\seleniumhq\selenium\selenium-edge-driver\3.14.0\selenium-edge-driver-3.14.0.jar;C:\Users\Neo\.m2\repository\org\seleniumhq\selenium\selenium-firefox-driver\3.14.0\selenium-firefox-driver-3.14.0.jar;C:\Users\Neo\.m2\repository\org\seleniumhq\selenium\selenium-ie-driver\3.14.0\selenium-ie-driver-3.14.0.jar;C:\Users\Neo\.m2\repository\org\seleniumhq\selenium\selenium-opera-driver\3.14.0\selenium-opera-driver-3.14.0.jar;C:\Users\Neo\.m2\repository\org\seleniumhq\selenium\selenium-remote-driver\3.14.0\selenium-remote-driver-3.14.0.jar;C:\Users\Neo\.m2\repository\org\seleniumhq\selenium\selenium-safari-driver\3.14.0\selenium-safari-driver-3.14.0.jar;C:\Users\Neo\.m2\repository\org\seleniumhq\selenium\selenium-suppor
Launcher Type: SUN_STANDARD

Logging:
Log output configuration:
#0: stdout all=warning uptime,level,tags
#1: stderr all=off uptime,level,tags

Environment Variables:
PATH=C:\Program Files (x86)\Common Files\Oracle\Java\javapath;C:\WINDOWS\system32;C:\WINDOWS;C:\WINDOWS\System32\Wbem;C:\WINDOWS\System32\WindowsPowerShell\v1.0\;C:\Program Files\Git\cmd;C:\xampp\php;C:\ProgramData\ComposerSetup\bin;C:\Program Files\nodejs\;C:\Program Files\dotnet\;C:\Program Files\Microsoft SQL Server\130\Tools\Binn\;C:\WINDOWS\System32\OpenSSH\;C:\Users\Neo\AppData\Local\Programs\Python\Python36-32\Scripts\;C:\Users\Neo\AppData\Local\Programs\Python\Python36-32\;C:\Users\Neo\AppData\Local\Microsoft\WindowsApps;C:\Users\Neo\AppData\Roaming\Composer\vendor\bin;C:\Users\Neo\AppData\Roaming\npm;C:\Users\Neo\AppData\Local\atom\bin;C:\Users\Neo\AppData\Local\Microsoft\WindowsApps;C:\Program Files\Java\apache-maven-3.5.4\bin;
USERNAME=Neo
OS=Windows_NT
PROCESSOR_IDENTIFIER=Intel64 Family 6 Model 78 Stepping 3, GenuineIntel



---------------  S Y S T E M  ---------------

OS: Windows 10 , 64 bit Build 17134 (10.0.17134.1)

CPU:total 4 (initial active 4) (2 cores per cpu, 2 threads per core) family 6 model 78 stepping 3, cmov, cx8, fxsr, mmx, sse, sse2, sse3, ssse3, sse4.1, sse4.2, popcnt, avx, avx2, aes, clmul, erms, 3dnowpref, lzcnt, ht, tsc, tscinvbit, bmi1, bmi2, adx, fma

Memory: 4k page, physical 8259336k(3022956k free), swap 11331336k(4484k free)

vm_info: Java HotSpot(TM) 64-Bit Server VM (10.0.2+13) for windows-amd64 JRE (10.0.2+13), built on Jun 28 2018 01:57:56 by "mach5one" with MS VC++ 12.0 (VS2013)

END.
